[2022-02-12T21:50:46.293Z] Starting...
[2022-02-12T21:50:46.315Z] Creating express app
[2022-02-12T21:50:46.315Z] Started
[2022-02-12T21:51:27.056Z] Received message: {"type":"execute","eventId":"N1LNyqcW2p1nZUQdT0H_N","payload":{"event":{"isBase64Encoded":false,"path":"/books","httpMethod":"GET","headers":{"host":"localhost:1996","connection":"keep-alive","pass-code":"3312","dnt":"1","user-agent":"Mozilla/5.0 (iPhone; CPU iPhone OS 10_3_1 like Mac OS X) AppleWebKit/603.1.30 (KHTML, like Gecko) Version/10.0 Mobile/14E304 Safari/602.1","content-type":"application/json","accept":"*/*","sec-gpc":"1","origin":"http://localhost:4200","sec-fetch-site":"same-site","sec-fetch-mode":"cors","sec-fetch-dest":"empty","referer":"http://localhost:4200/","accept-encoding":"gzip, deflate, br","accept-language":"de-DE,de;q=0.9,en;q=0.8,en-US;q=0.7"},"multiValueHeaders":{},"body":"","pathParameters":{"books":"books"},"queryStringParameters":{},"multiValueQueryStringParameters":{},"resource":"/books","stageVariables":null,"requestContext":null},"config":{"codePath":"dist/apps/backend/api","handler":"main.handler","dynamicRestApi":{"file":"dist/apps/backend/api/main.js","exportName":"routes"},"secrets":["PASS_CODE"],"dynamoDb":{"readWrite":["Books","Stories"]},"memorySize":512}}}
[2022-02-12T21:51:27.057Z] Executing event N1LNyqcW2p1nZUQdT0H_N
[2022-02-12T21:51:27.057Z] Loading handler file: "/Users/jappy/code/bobs-bedtime-stories/dist/apps/backend/api/main"
[2022-02-12T21:51:27.140Z] env
[2022-02-12T21:51:27.141Z] Invoking handler function: "handler"
[2022-02-12T21:51:27.141Z] Router
[2022-02-12T21:51:27.141Z] is offline, using local dynamo
[2022-02-12T21:51:27.143Z] authenticating...
[2022-02-12T21:51:27.143Z] handler is promise, awaiting response
[2022-02-12T21:51:27.143Z] Waiting for handler to finish...
[2022-02-12T21:51:27.158Z] [object Object]
[2022-02-12T21:51:27.158Z] Router
[2022-02-12T21:51:27.158Z] now calling callback
[2022-02-12T21:51:27.158Z] no more active events
[2022-02-12T21:51:27.158Z] Router
[2022-02-12T21:51:27.159Z] promise done, calling callback
[2022-02-12T21:51:27.159Z] no handler for eventId: N1LNyqcW2p1nZUQdT0H_N
[2022-02-12T21:55:46.383Z] Starting...
[2022-02-12T21:55:46.388Z] Creating express app
[2022-02-12T21:55:46.388Z] Started
[2022-02-12T21:56:08.811Z] Received message: {"type":"execute","eventId":"pebJTT5K-4MXtZpEK-aL-","payload":{"event":{"isBase64Encoded":false,"path":"/auth/verify-passcode","httpMethod":"POST","headers":{"host":"localhost:1996","connection":"keep-alive","content-length":"0","pass-code":"3312","dnt":"1","user-agent":"Mozilla/5.0 (iPhone; CPU iPhone OS 10_3_1 like Mac OS X) AppleWebKit/603.1.30 (KHTML, like Gecko) Version/10.0 Mobile/14E304 Safari/602.1","content-type":"application/json","accept":"*/*","sec-gpc":"1","origin":"http://localhost:4200","sec-fetch-site":"same-site","sec-fetch-mode":"cors","sec-fetch-dest":"empty","referer":"http://localhost:4200/","accept-encoding":"gzip, deflate, br","accept-language":"de-DE,de;q=0.9,en;q=0.8,en-US;q=0.7"},"multiValueHeaders":{},"body":"","pathParameters":{"auth":"auth","verify-passcode":"verify-passcode"},"queryStringParameters":{},"multiValueQueryStringParameters":{},"resource":"/auth/verify-passcode","stageVariables":null,"requestContext":null},"config":{"codePath":"dist/apps/backend/api","handler":"main.handler","dynamicRestApi":{"file":"dist/apps/backend/api/main.js","exportName":"routes"},"secrets":["PASS_CODE"],"dynamoDb":{"readWrite":["Books","Stories"]},"memorySize":512}}}
[2022-02-12T21:56:08.812Z] Executing event pebJTT5K-4MXtZpEK-aL-
[2022-02-12T21:56:08.812Z] Loading handler file: "/Users/jappy/code/bobs-bedtime-stories/dist/apps/backend/api/main"
[2022-02-12T21:56:08.895Z] Invoking handler function: "handler"
[2022-02-12T21:56:08.895Z] Router
[2022-02-12T21:56:08.896Z] is offline, using local dynamo
[2022-02-12T21:56:08.897Z] authenticating...
[2022-02-12T21:56:08.898Z] handler is promise, awaiting response
[2022-02-12T21:56:08.898Z] Waiting for handler to finish...
[2022-02-12T21:56:08.913Z] [object Object]
[2022-02-12T21:56:08.913Z] Router
[2022-02-12T21:56:08.913Z] now calling callback
[2022-02-12T21:56:08.913Z] no more active events
[2022-02-12T21:56:08.914Z] Router
[2022-02-12T21:56:08.914Z] promise done, calling callback
[2022-02-12T21:56:08.914Z] no handler for eventId: pebJTT5K-4MXtZpEK-aL-
[2022-02-12T21:57:42.272Z] Starting...
[2022-02-12T21:57:42.277Z] Creating express app
[2022-02-12T21:57:42.277Z] Started
[2022-02-12T21:58:53.095Z] Received message: {"type":"execute","eventId":"kQo_xcJ-Proz1SQSy3SfQ","payload":{"event":{"isBase64Encoded":false,"path":"/auth/verify-passcode","httpMethod":"POST","headers":{"host":"localhost:1996","connection":"keep-alive","content-length":"0","pass-code":"3312","dnt":"1","user-agent":"Mozilla/5.0 (iPhone; CPU iPhone OS 10_3_1 like Mac OS X) AppleWebKit/603.1.30 (KHTML, like Gecko) Version/10.0 Mobile/14E304 Safari/602.1","content-type":"application/json","accept":"*/*","sec-gpc":"1","origin":"http://localhost:4200","sec-fetch-site":"same-site","sec-fetch-mode":"cors","sec-fetch-dest":"empty","referer":"http://localhost:4200/","accept-encoding":"gzip, deflate, br","accept-language":"de-DE,de;q=0.9,en;q=0.8,en-US;q=0.7"},"multiValueHeaders":{},"body":"","pathParameters":{"auth":"auth","verify-passcode":"verify-passcode"},"queryStringParameters":{},"multiValueQueryStringParameters":{},"resource":"/auth/verify-passcode","stageVariables":null,"requestContext":null},"config":{"codePath":"dist/apps/backend/api","handler":"main.handler","dynamicRestApi":{"file":"dist/apps/backend/api/main.js","exportName":"routes"},"secrets":["PASS_CODE"],"dynamoDb":{"readWrite":["Books","Stories"]},"memorySize":512}}}
[2022-02-12T21:58:53.095Z] Executing event kQo_xcJ-Proz1SQSy3SfQ
[2022-02-12T21:58:53.095Z] Loading handler file: "/Users/jappy/code/bobs-bedtime-stories/dist/apps/backend/api/main"
[2022-02-12T21:58:53.183Z] Invoking handler function: "handler"
[2022-02-12T21:58:53.183Z] Router
[2022-02-12T21:58:53.183Z] is offline, using local dynamo
[2022-02-12T21:58:53.185Z] authenticating...
[2022-02-12T21:58:53.185Z] handler is promise, awaiting response
[2022-02-12T21:58:53.186Z] Waiting for handler to finish...
[2022-02-12T21:58:53.201Z] [object Object]
[2022-02-12T21:58:53.201Z] Router
[2022-02-12T21:58:53.202Z] now calling callback
[2022-02-12T21:58:53.202Z] received result for event: kQo_xcJ-Proz1SQSy3SfQ
[2022-02-12T21:58:53.202Z] no more active events
[2022-02-12T21:58:53.202Z] Router
[2022-02-12T21:58:53.202Z] promise done, calling callback
[2022-02-12T21:58:53.202Z] received result for event: kQo_xcJ-Proz1SQSy3SfQ
[2022-02-12T21:58:53.202Z] no handler for eventId: kQo_xcJ-Proz1SQSy3SfQ
[2022-02-12T22:02:39.245Z] Starting...
[2022-02-12T22:02:39.262Z] Creating express app
[2022-02-12T22:02:39.263Z] Started
[2022-02-12T22:02:48.202Z] received result for eventId: yu_8uYhPkOoLxRPI5fxXP
[2022-02-12T22:02:48.202Z] no more active events
[2022-02-12T22:02:48.202Z] received result for eventId: yu_8uYhPkOoLxRPI5fxXP
[2022-02-12T22:02:48.202Z] no handler for eventId: yu_8uYhPkOoLxRPI5fxXP
[2022-02-12T22:05:25.627Z] Starting...
[2022-02-12T22:05:25.631Z] Creating express app
[2022-02-12T22:05:25.632Z] Started
[2022-02-12T22:05:56.652Z] received result for eventId: Zus3RNqd08EZcbG4H2_qd
[2022-02-12T22:05:56.652Z] no more active events
[2022-02-12T22:05:56.654Z] received result for eventId: Zus3RNqd08EZcbG4H2_qd
[2022-02-12T22:05:56.654Z] no handler for eventId: Zus3RNqd08EZcbG4H2_qd
[2022-02-12T22:07:19.857Z] Starting...
[2022-02-12T22:07:19.861Z] Creating express app
[2022-02-12T22:07:19.862Z] Started
[2022-02-12T22:07:40.769Z] received result for eventId: GPiD2khTnqeoUAAhSXd4R
[2022-02-12T22:07:40.769Z] no more active events
[2022-02-12T22:07:40.769Z] received result for eventId: GPiD2khTnqeoUAAhSXd4R
[2022-02-12T22:07:40.770Z] no handler for eventId: GPiD2khTnqeoUAAhSXd4R
[2022-02-12T22:09:02.662Z] Starting...
[2022-02-12T22:09:02.666Z] Creating express app
[2022-02-12T22:09:02.667Z] Started
[2022-02-12T22:09:15.003Z] received result for eventId: O0fkJOvSTi30u360lX-Vd
[2022-02-12T22:09:15.003Z] no more active events
[2022-02-12T22:09:15.004Z] received result for eventId: O0fkJOvSTi30u360lX-Vd
[2022-02-12T22:09:15.005Z] no handler for eventId: O0fkJOvSTi30u360lX-Vd
[2022-02-12T22:11:07.092Z] Starting...
[2022-02-12T22:11:07.096Z] Creating express app
[2022-02-12T22:11:07.097Z] Started
[2022-02-12T22:11:21.894Z] received result for eventId: UqgDhU7Ix4GBvh9jNM2F4
[2022-02-12T22:11:21.895Z] no more active events
[2022-02-12T22:11:21.897Z] received result for eventId: UqgDhU7Ix4GBvh9jNM2F4
[2022-02-12T22:11:21.897Z] no handler for eventId: UqgDhU7Ix4GBvh9jNM2F4
[2022-02-12T22:11:22.089Z] received result for eventId: Zly-wkWQz-hPVQXwGH9OX
[2022-02-12T22:11:22.089Z] no more active events
[2022-02-12T22:11:22.090Z] received result for eventId: Zly-wkWQz-hPVQXwGH9OX
[2022-02-12T22:11:22.090Z] no handler for eventId: Zly-wkWQz-hPVQXwGH9OX
[2022-02-12T22:11:44.327Z] received result for eventId: AYABAEAWJpi87489xjzIp
[2022-02-12T22:11:44.327Z] no more active events
[2022-02-12T22:11:44.328Z] received result for eventId: AYABAEAWJpi87489xjzIp
[2022-02-12T22:11:44.328Z] no handler for eventId: AYABAEAWJpi87489xjzIp
[2022-02-12T22:13:58.082Z] Starting...
[2022-02-12T22:13:58.115Z] Creating express app
[2022-02-12T22:13:58.115Z] Started
[2022-02-12T22:14:15.059Z] received result for eventId: 9n_dbG3GWkTILwYRoGM0-
[2022-02-12T22:14:15.059Z] no more active events
[2022-02-12T22:14:15.061Z] received result for eventId: 9n_dbG3GWkTILwYRoGM0-
[2022-02-12T22:14:15.061Z] no handler for eventId: 9n_dbG3GWkTILwYRoGM0-
[2022-02-12T22:14:15.281Z] received result for eventId: o-rSlwPsU2vyMGid6AntD
[2022-02-12T22:14:15.281Z] no more active events
[2022-02-12T22:14:15.283Z] received result for eventId: o-rSlwPsU2vyMGid6AntD
[2022-02-12T22:14:15.283Z] no handler for eventId: o-rSlwPsU2vyMGid6AntD
[2022-02-12T22:17:32.170Z] Starting...
[2022-02-12T22:17:32.174Z] Creating express app
[2022-02-12T22:17:32.175Z] Started
[2022-02-12T22:18:57.350Z] received result for eventId: 1gw6qQpsCCdRjfxY97OFx
[2022-02-12T22:18:57.351Z] no more active events
[2022-02-12T22:18:57.352Z] received result for eventId: 1gw6qQpsCCdRjfxY97OFx
[2022-02-12T22:18:57.352Z] no handler for eventId: 1gw6qQpsCCdRjfxY97OFx
[2022-02-12T22:18:57.566Z] received result for eventId: y5FxcKeo-hRijO4v6WFYq
[2022-02-12T22:18:57.566Z] no more active events
[2022-02-12T22:18:57.567Z] received result for eventId: y5FxcKeo-hRijO4v6WFYq
[2022-02-12T22:18:57.567Z] no handler for eventId: y5FxcKeo-hRijO4v6WFYq
[2022-02-12T22:19:17.060Z] received result for eventId: TDUEmkCL6-ZpIIFvljjoS
[2022-02-12T22:19:17.061Z] no more active events
[2022-02-12T22:19:17.061Z] received result for eventId: TDUEmkCL6-ZpIIFvljjoS
[2022-02-12T22:19:17.061Z] no handler for eventId: TDUEmkCL6-ZpIIFvljjoS
[2022-02-12T22:19:17.274Z] received result for eventId: hC7xK66AxEdwutfZVIY_0
[2022-02-12T22:19:17.274Z] no more active events
[2022-02-12T22:19:17.275Z] received result for eventId: hC7xK66AxEdwutfZVIY_0
[2022-02-12T22:19:17.275Z] no handler for eventId: hC7xK66AxEdwutfZVIY_0
[2022-02-12T22:20:25.200Z] received result for eventId: f-CUK6vukRD6hot9BdnSr
[2022-02-12T22:20:25.200Z] no more active events
[2022-02-12T22:20:25.201Z] received result for eventId: f-CUK6vukRD6hot9BdnSr
[2022-02-12T22:20:25.201Z] no handler for eventId: f-CUK6vukRD6hot9BdnSr
[2022-02-12T22:20:25.379Z] received result for eventId: zGBJYokRCwYJjn8p2ANJw
[2022-02-12T22:20:25.379Z] no more active events
[2022-02-12T22:20:25.380Z] received result for eventId: zGBJYokRCwYJjn8p2ANJw
[2022-02-12T22:20:25.380Z] no handler for eventId: zGBJYokRCwYJjn8p2ANJw
[2022-02-12T22:28:46.209Z] received result for eventId: MaiwMkjKHiC1OYvE1vFzJ
[2022-02-12T22:28:46.209Z] no more active events
[2022-02-12T22:28:46.210Z] received result for eventId: MaiwMkjKHiC1OYvE1vFzJ
[2022-02-12T22:28:46.210Z] no handler for eventId: MaiwMkjKHiC1OYvE1vFzJ
[2022-02-12T22:29:14.116Z] received result for eventId: bVidAoEMacCNs6_j5U6vT
[2022-02-12T22:29:14.117Z] no more active events
[2022-02-12T22:29:14.117Z] received result for eventId: bVidAoEMacCNs6_j5U6vT
[2022-02-12T22:29:14.117Z] no handler for eventId: bVidAoEMacCNs6_j5U6vT
[2022-02-12T22:29:51.386Z] received result for eventId: s8_fa5DNHesj-dtqpzALl
[2022-02-12T22:29:51.387Z] no more active events
[2022-02-12T22:29:51.389Z] received result for eventId: s8_fa5DNHesj-dtqpzALl
[2022-02-12T22:29:51.389Z] no handler for eventId: s8_fa5DNHesj-dtqpzALl
[2022-02-12T22:54:23.204Z] received result for eventId: GLCjS-aSfGHowSYPeYy7W
[2022-02-12T22:54:23.204Z] no more active events
[2022-02-12T22:54:23.205Z] received result for eventId: GLCjS-aSfGHowSYPeYy7W
[2022-02-12T22:54:23.205Z] no handler for eventId: GLCjS-aSfGHowSYPeYy7W
[2022-02-12T22:54:23.390Z] received result for eventId: AsyQwELqU7XXHwrxl3fZZ
[2022-02-12T22:54:23.390Z] no more active events
[2022-02-12T22:54:23.391Z] received result for eventId: AsyQwELqU7XXHwrxl3fZZ
[2022-02-12T22:54:23.391Z] no handler for eventId: AsyQwELqU7XXHwrxl3fZZ
[2022-02-12T22:55:06.322Z] received result for eventId: dMKDQWavYrQsCfvKexOl1
[2022-02-12T22:55:06.322Z] no more active events
[2022-02-12T22:55:06.323Z] received result for eventId: dMKDQWavYrQsCfvKexOl1
[2022-02-12T22:55:06.324Z] no handler for eventId: dMKDQWavYrQsCfvKexOl1
[2022-02-12T22:55:06.517Z] received result for eventId: YbCFQ4jTxOapUe4ASV5UP
[2022-02-12T22:55:06.517Z] no more active events
[2022-02-12T22:55:06.519Z] received result for eventId: YbCFQ4jTxOapUe4ASV5UP
[2022-02-12T22:55:06.519Z] no handler for eventId: YbCFQ4jTxOapUe4ASV5UP
[2022-02-12T22:55:11.602Z] received result for eventId: PCTIN41fPtBzVg5o2z_Pr
[2022-02-12T22:55:11.602Z] received result for eventId: PCTIN41fPtBzVg5o2z_Pr
[2022-02-12T22:55:11.602Z] no handler for eventId: PCTIN41fPtBzVg5o2z_Pr
[2022-02-12T22:55:11.612Z] received result for eventId: yJl_n4G_THNfui6YVnBj3
[2022-02-12T22:55:11.613Z] received result for eventId: yJl_n4G_THNfui6YVnBj3
[2022-02-12T22:55:11.613Z] no handler for eventId: yJl_n4G_THNfui6YVnBj3
[2022-02-12T22:55:11.658Z] received result for eventId: NeGerh66v2wmJvBK_-KbK
[2022-02-12T22:55:11.658Z] no more active events
[2022-02-12T22:55:11.659Z] received result for eventId: NeGerh66v2wmJvBK_-KbK
[2022-02-12T22:55:11.659Z] no handler for eventId: NeGerh66v2wmJvBK_-KbK
[2022-02-12T22:55:31.964Z] received result for eventId: 3YkGL8StRU_GubIZM0150
[2022-02-12T22:55:31.965Z] received result for eventId: 3YkGL8StRU_GubIZM0150
[2022-02-12T22:55:31.965Z] no handler for eventId: 3YkGL8StRU_GubIZM0150
[2022-02-12T22:55:31.984Z] received result for eventId: yA8eITVM6419X5UfiJiza
[2022-02-12T22:55:31.985Z] no more active events
[2022-02-12T22:55:31.986Z] received result for eventId: yA8eITVM6419X5UfiJiza
[2022-02-12T22:55:31.986Z] no handler for eventId: yA8eITVM6419X5UfiJiza
[2022-02-12T22:55:32.192Z] received result for eventId: i2j8co3ZI4rOuKwTo06P4
[2022-02-12T22:55:32.192Z] no more active events
[2022-02-12T22:55:32.193Z] received result for eventId: i2j8co3ZI4rOuKwTo06P4
[2022-02-12T22:55:32.193Z] no handler for eventId: i2j8co3ZI4rOuKwTo06P4
[2022-02-12T22:55:46.468Z] received result for eventId: KMyZKOOlOBl69fZYmoDLj
[2022-02-12T22:55:46.469Z] received result for eventId: KMyZKOOlOBl69fZYmoDLj
[2022-02-12T22:55:46.469Z] no handler for eventId: KMyZKOOlOBl69fZYmoDLj
[2022-02-12T22:55:46.473Z] received result for eventId: h7hyudyew-maR0BysQyb4
[2022-02-12T22:55:46.473Z] no more active events
[2022-02-12T22:55:46.474Z] received result for eventId: h7hyudyew-maR0BysQyb4
[2022-02-12T22:55:46.474Z] no handler for eventId: h7hyudyew-maR0BysQyb4
[2022-02-12T22:55:50.698Z] received result for eventId: mt_yV39lwUaK2sDhe0x8C
[2022-02-12T22:55:50.699Z] received result for eventId: mt_yV39lwUaK2sDhe0x8C
[2022-02-12T22:55:50.699Z] no handler for eventId: mt_yV39lwUaK2sDhe0x8C
[2022-02-12T22:55:50.703Z] received result for eventId: eikN7FNIyGTvyVSNMrDRT
[2022-02-12T22:55:50.703Z] no more active events
[2022-02-12T22:55:50.704Z] received result for eventId: eikN7FNIyGTvyVSNMrDRT
[2022-02-12T22:55:50.704Z] no handler for eventId: eikN7FNIyGTvyVSNMrDRT
[2022-02-12T22:56:14.494Z] received result for eventId: OrsBR1pbkdjqJFRxMqVbw
[2022-02-12T22:56:14.494Z] no more active events
[2022-02-12T22:56:14.495Z] received result for eventId: OrsBR1pbkdjqJFRxMqVbw
[2022-02-12T22:56:14.495Z] no handler for eventId: OrsBR1pbkdjqJFRxMqVbw
[2022-02-12T22:57:47.630Z] received result for eventId: In48edG3cRmLun3rS6R-g
[2022-02-12T22:57:47.630Z] no more active events
[2022-02-12T22:57:47.631Z] received result for eventId: In48edG3cRmLun3rS6R-g
[2022-02-12T22:57:47.631Z] no handler for eventId: In48edG3cRmLun3rS6R-g
[2022-02-12T22:57:49.657Z] received result for eventId: 7m8LIkpK0ZEcncfWHTibl
[2022-02-12T22:57:49.657Z] no more active events
[2022-02-12T22:57:49.658Z] received result for eventId: 7m8LIkpK0ZEcncfWHTibl
[2022-02-12T22:57:49.658Z] no handler for eventId: 7m8LIkpK0ZEcncfWHTibl
[2022-02-12T22:57:57.725Z] received result for eventId: 1jOiWjBZjCposUHsoVqxe
[2022-02-12T22:57:57.725Z] no more active events
[2022-02-12T22:57:57.725Z] received result for eventId: 1jOiWjBZjCposUHsoVqxe
[2022-02-12T22:57:57.726Z] no handler for eventId: 1jOiWjBZjCposUHsoVqxe
[2022-02-12T22:58:00.326Z] received result for eventId: gPoTK4fg8Bdcqn_fnXvuN
[2022-02-12T22:58:00.327Z] no more active events
[2022-02-12T22:58:00.327Z] received result for eventId: gPoTK4fg8Bdcqn_fnXvuN
[2022-02-12T22:58:00.327Z] no handler for eventId: gPoTK4fg8Bdcqn_fnXvuN
[2022-02-12T22:58:04.779Z] received result for eventId: 9T6-MVxp3egshD6xnepTo
[2022-02-12T22:58:04.779Z] no more active events
[2022-02-12T22:58:04.780Z] received result for eventId: 9T6-MVxp3egshD6xnepTo
[2022-02-12T22:58:04.780Z] no handler for eventId: 9T6-MVxp3egshD6xnepTo
[2022-02-12T22:58:04.961Z] received result for eventId: uOZWiN3jrPC6ApD86L_Rj
[2022-02-12T22:58:04.961Z] no more active events
[2022-02-12T22:58:04.962Z] received result for eventId: uOZWiN3jrPC6ApD86L_Rj
[2022-02-12T22:58:04.962Z] no handler for eventId: uOZWiN3jrPC6ApD86L_Rj
[2022-02-12T22:58:05.125Z] received result for eventId: QoaAtFMK-qKvSrVedEOb6
[2022-02-12T22:58:05.125Z] no more active events
[2022-02-12T22:58:05.126Z] received result for eventId: QoaAtFMK-qKvSrVedEOb6
[2022-02-12T22:58:05.126Z] no handler for eventId: QoaAtFMK-qKvSrVedEOb6
[2022-02-12T22:58:06.908Z] received result for eventId: Ud9jUclFJ6_W1U2bocMjG
[2022-02-12T22:58:06.908Z] no more active events
[2022-02-12T22:58:06.908Z] received result for eventId: Ud9jUclFJ6_W1U2bocMjG
[2022-02-12T22:58:06.908Z] no handler for eventId: Ud9jUclFJ6_W1U2bocMjG
[2022-02-12T22:58:07.094Z] received result for eventId: sY1qXlVfUBFjMvBy8A2-d
[2022-02-12T22:58:07.094Z] no more active events
[2022-02-12T22:58:07.095Z] received result for eventId: sY1qXlVfUBFjMvBy8A2-d
[2022-02-12T22:58:07.095Z] no handler for eventId: sY1qXlVfUBFjMvBy8A2-d
[2022-02-12T22:58:07.261Z] received result for eventId: VxYi9I0UgoRfRxG1jU2O9
[2022-02-12T22:58:07.262Z] no more active events
[2022-02-12T22:58:07.262Z] received result for eventId: VxYi9I0UgoRfRxG1jU2O9
[2022-02-12T22:58:07.262Z] no handler for eventId: VxYi9I0UgoRfRxG1jU2O9
[2022-02-12T23:08:57.312Z] received result for eventId: 1XSlHn_RkkaSiv2oYxRtS
[2022-02-12T23:08:57.312Z] no more active events
[2022-02-12T23:08:57.313Z] received result for eventId: 1XSlHn_RkkaSiv2oYxRtS
[2022-02-12T23:08:57.313Z] no handler for eventId: 1XSlHn_RkkaSiv2oYxRtS
[2022-02-12T23:08:57.543Z] received result for eventId: zsPFlNIscsOmHkuPrZQ4R
[2022-02-12T23:08:57.543Z] no more active events
[2022-02-12T23:08:57.544Z] received result for eventId: zsPFlNIscsOmHkuPrZQ4R
[2022-02-12T23:08:57.544Z] no handler for eventId: zsPFlNIscsOmHkuPrZQ4R
[2022-02-12T23:08:57.738Z] received result for eventId: sPkSMGjRlc4VrICydYjLi
[2022-02-12T23:08:57.738Z] no more active events
[2022-02-12T23:08:57.739Z] received result for eventId: sPkSMGjRlc4VrICydYjLi
[2022-02-12T23:08:57.739Z] no handler for eventId: sPkSMGjRlc4VrICydYjLi
[2022-02-12T23:11:55.087Z] received result for eventId: _ODY0NQtjCyx0qcJ6z_QV
[2022-02-12T23:11:55.087Z] no more active events
[2022-02-12T23:11:55.088Z] received result for eventId: _ODY0NQtjCyx0qcJ6z_QV
[2022-02-12T23:11:55.088Z] no handler for eventId: _ODY0NQtjCyx0qcJ6z_QV
[2022-02-12T23:11:55.309Z] received result for eventId: _GxTWhp_dpKBW4xmDAaTZ
[2022-02-12T23:11:55.309Z] no more active events
[2022-02-12T23:11:55.310Z] received result for eventId: _GxTWhp_dpKBW4xmDAaTZ
[2022-02-12T23:11:55.310Z] no handler for eventId: _GxTWhp_dpKBW4xmDAaTZ
[2022-02-12T23:11:55.490Z] received result for eventId: 6NxSHXWD_IQebmPvK8ItD
[2022-02-12T23:11:55.490Z] no more active events
[2022-02-12T23:11:55.491Z] received result for eventId: 6NxSHXWD_IQebmPvK8ItD
[2022-02-12T23:11:55.491Z] no handler for eventId: 6NxSHXWD_IQebmPvK8ItD
[2022-02-12T23:12:10.264Z] received result for eventId: svvGrTb1lwD4PyC85g1eX
[2022-02-12T23:12:10.264Z] no more active events
[2022-02-12T23:12:10.265Z] received result for eventId: svvGrTb1lwD4PyC85g1eX
[2022-02-12T23:12:10.265Z] no handler for eventId: svvGrTb1lwD4PyC85g1eX
[2022-02-12T23:12:10.456Z] received result for eventId: KvgG0-qk8_JWAIuRgxKLy
[2022-02-12T23:12:10.456Z] no more active events
[2022-02-12T23:12:10.457Z] received result for eventId: KvgG0-qk8_JWAIuRgxKLy
[2022-02-12T23:12:10.457Z] no handler for eventId: KvgG0-qk8_JWAIuRgxKLy
[2022-02-12T23:12:10.667Z] received result for eventId: 90MMMz_RZrABVkXTECCbX
[2022-02-12T23:12:10.668Z] no more active events
[2022-02-12T23:12:10.669Z] received result for eventId: 90MMMz_RZrABVkXTECCbX
[2022-02-12T23:12:10.669Z] no handler for eventId: 90MMMz_RZrABVkXTECCbX
[2022-02-12T23:22:39.402Z] received result for eventId: BFQWIkVGvEEek7a_KqcXz
[2022-02-12T23:22:39.402Z] no more active events
[2022-02-12T23:22:39.403Z] received result for eventId: BFQWIkVGvEEek7a_KqcXz
[2022-02-12T23:22:39.403Z] no handler for eventId: BFQWIkVGvEEek7a_KqcXz
[2022-02-12T23:22:44.956Z] received result for eventId: kaOiUs3jjmu3bavP6tn6q
[2022-02-12T23:22:44.956Z] no more active events
[2022-02-12T23:22:44.957Z] received result for eventId: kaOiUs3jjmu3bavP6tn6q
[2022-02-12T23:22:44.957Z] no handler for eventId: kaOiUs3jjmu3bavP6tn6q
[2022-02-12T23:22:45.141Z] received result for eventId: TOVZkf_yC9s_vfQyFA4kl
[2022-02-12T23:22:45.141Z] no more active events
[2022-02-12T23:22:45.142Z] received result for eventId: TOVZkf_yC9s_vfQyFA4kl
[2022-02-12T23:22:45.142Z] no handler for eventId: TOVZkf_yC9s_vfQyFA4kl
[2022-02-12T23:22:45.310Z] received result for eventId: 9P8pghX9Uiwfu0DH04kB9
[2022-02-12T23:22:45.310Z] no more active events
[2022-02-12T23:22:45.311Z] received result for eventId: 9P8pghX9Uiwfu0DH04kB9
[2022-02-12T23:22:45.311Z] no handler for eventId: 9P8pghX9Uiwfu0DH04kB9
[2022-02-13T10:37:52.456Z] received result for eventId: n8OUnEib-zoDN-9fDZAel
[2022-02-13T10:37:52.456Z] no more active events
[2022-02-13T10:37:52.457Z] received result for eventId: n8OUnEib-zoDN-9fDZAel
[2022-02-13T10:37:52.457Z] no handler for eventId: n8OUnEib-zoDN-9fDZAel
[2022-02-13T10:37:52.634Z] received result for eventId: 2kqIQJWzYMYedbnt2kIbP
[2022-02-13T10:37:52.634Z] no more active events
[2022-02-13T10:37:52.634Z] received result for eventId: 2kqIQJWzYMYedbnt2kIbP
[2022-02-13T10:37:52.634Z] no handler for eventId: 2kqIQJWzYMYedbnt2kIbP
[2022-02-13T10:37:52.790Z] received result for eventId: 4O_tShcEohtJUkfGnPsDK
[2022-02-13T10:37:52.790Z] no more active events
[2022-02-13T10:37:52.791Z] received result for eventId: 4O_tShcEohtJUkfGnPsDK
[2022-02-13T10:37:52.791Z] no handler for eventId: 4O_tShcEohtJUkfGnPsDK
[2022-02-13T10:48:31.927Z] received result for eventId: 4RXwhGHJUM-3jEIkQtYng
[2022-02-13T10:48:31.928Z] received result for eventId: 4RXwhGHJUM-3jEIkQtYng
[2022-02-13T10:48:31.928Z] no handler for eventId: 4RXwhGHJUM-3jEIkQtYng
[2022-02-13T10:48:31.954Z] received result for eventId: ziHUhuk25SInHYdpM9vI9
[2022-02-13T10:48:31.955Z] no more active events
[2022-02-13T10:48:31.955Z] received result for eventId: ziHUhuk25SInHYdpM9vI9
[2022-02-13T10:48:31.955Z] no handler for eventId: ziHUhuk25SInHYdpM9vI9
[2022-02-13T10:48:32.119Z] received result for eventId: fvL3lwPzt2tbhe7PXgbZb
[2022-02-13T10:48:32.119Z] no more active events
[2022-02-13T10:48:32.121Z] received result for eventId: fvL3lwPzt2tbhe7PXgbZb
[2022-02-13T10:48:32.121Z] no handler for eventId: fvL3lwPzt2tbhe7PXgbZb
[2022-02-13T11:04:13.704Z] Starting...
[2022-02-13T11:04:13.708Z] Creating express app
[2022-02-13T11:04:13.709Z] Started
[2022-02-13T11:04:23.209Z] received result for eventId: xXijFqyPKKohDmIXGzDzl
[2022-02-13T11:04:23.209Z] no more active events
[2022-02-13T11:04:23.210Z] received result for eventId: xXijFqyPKKohDmIXGzDzl
[2022-02-13T11:04:23.210Z] no handler for eventId: xXijFqyPKKohDmIXGzDzl
[2022-02-13T11:04:23.447Z] received result for eventId: fL-K-UcPZInySZ1djLiQU
[2022-02-13T11:04:23.447Z] no more active events
[2022-02-13T11:04:23.448Z] received result for eventId: fL-K-UcPZInySZ1djLiQU
[2022-02-13T11:04:23.448Z] no handler for eventId: fL-K-UcPZInySZ1djLiQU
[2022-02-13T11:04:36.715Z] received result for eventId: MiHRpbVOVozc_aPWArcj3
[2022-02-13T11:04:36.715Z] no more active events
[2022-02-13T11:04:36.715Z] received result for eventId: MiHRpbVOVozc_aPWArcj3
[2022-02-13T11:04:36.716Z] no handler for eventId: MiHRpbVOVozc_aPWArcj3
[2022-02-13T11:05:02.782Z] received result for eventId: kQs2PhED1b1lw0U2bIoJI
[2022-02-13T11:05:02.782Z] no more active events
[2022-02-13T11:05:02.783Z] received result for eventId: kQs2PhED1b1lw0U2bIoJI
[2022-02-13T11:05:02.783Z] no handler for eventId: kQs2PhED1b1lw0U2bIoJI
[2022-02-13T11:05:17.569Z] received result for eventId: GXmVLeAOfX8p78zSY0_Iz
[2022-02-13T11:05:17.569Z] no more active events
[2022-02-13T11:05:17.570Z] received result for eventId: GXmVLeAOfX8p78zSY0_Iz
[2022-02-13T11:05:17.570Z] no handler for eventId: GXmVLeAOfX8p78zSY0_Iz
[2022-02-13T11:06:01.934Z] received result for eventId: aBHfglnW7u2JjDqAt5Z0c
[2022-02-13T11:06:01.936Z] received result for eventId: aBHfglnW7u2JjDqAt5Z0c
[2022-02-13T11:06:01.936Z] no handler for eventId: aBHfglnW7u2JjDqAt5Z0c
[2022-02-13T11:06:01.959Z] received result for eventId: p13pNYYtgNDCwKJpSWSWk
[2022-02-13T11:06:01.959Z] no more active events
[2022-02-13T11:06:01.961Z] received result for eventId: p13pNYYtgNDCwKJpSWSWk
[2022-02-13T11:06:01.961Z] no handler for eventId: p13pNYYtgNDCwKJpSWSWk
[2022-02-13T11:06:02.191Z] received result for eventId: AgJDSVPLC0r4UIrqMht3I
[2022-02-13T11:06:02.191Z] no more active events
[2022-02-13T11:06:02.192Z] received result for eventId: AgJDSVPLC0r4UIrqMht3I
[2022-02-13T11:06:02.192Z] no handler for eventId: AgJDSVPLC0r4UIrqMht3I
[2022-02-13T11:06:26.311Z] received result for eventId: KYna6RMGYulqb9Trd_ItQ
[2022-02-13T11:06:26.312Z] received result for eventId: KYna6RMGYulqb9Trd_ItQ
[2022-02-13T11:06:26.312Z] no handler for eventId: KYna6RMGYulqb9Trd_ItQ
[2022-02-13T11:06:26.315Z] received result for eventId: nyuYtUYLQ0f6w1N8PqhBJ
[2022-02-13T11:06:26.315Z] no more active events
[2022-02-13T11:06:26.316Z] received result for eventId: nyuYtUYLQ0f6w1N8PqhBJ
[2022-02-13T11:06:26.317Z] no handler for eventId: nyuYtUYLQ0f6w1N8PqhBJ
[2022-02-13T11:06:26.477Z] received result for eventId: xPEvU8sLFETWHcJv1Vt6H
[2022-02-13T11:06:26.477Z] no more active events
[2022-02-13T11:06:26.478Z] received result for eventId: xPEvU8sLFETWHcJv1Vt6H
[2022-02-13T11:06:26.478Z] no handler for eventId: xPEvU8sLFETWHcJv1Vt6H
[2022-02-13T11:06:39.518Z] received result for eventId: CGXYnbX8HnwRttCkDiDYc
[2022-02-13T11:06:39.518Z] no more active events
[2022-02-13T11:06:39.519Z] received result for eventId: CGXYnbX8HnwRttCkDiDYc
[2022-02-13T11:06:39.519Z] no handler for eventId: CGXYnbX8HnwRttCkDiDYc
[2022-02-13T11:06:39.711Z] received result for eventId: NASzl-_3pYF6ADdXbpr5X
[2022-02-13T11:06:39.711Z] no more active events
[2022-02-13T11:06:39.713Z] received result for eventId: NASzl-_3pYF6ADdXbpr5X
[2022-02-13T11:06:39.713Z] no handler for eventId: NASzl-_3pYF6ADdXbpr5X
[2022-02-13T11:06:39.881Z] received result for eventId: oGR4LlGE9qYUU-e7X8_uc
[2022-02-13T11:06:39.881Z] no more active events
[2022-02-13T11:06:39.882Z] received result for eventId: oGR4LlGE9qYUU-e7X8_uc
[2022-02-13T11:06:39.882Z] no handler for eventId: oGR4LlGE9qYUU-e7X8_uc
[2022-02-13T11:07:20.242Z] received result for eventId: 0CJBs0PMEkW41l9UkfYC2
[2022-02-13T11:07:20.243Z] received result for eventId: 0CJBs0PMEkW41l9UkfYC2
[2022-02-13T11:07:20.243Z] no handler for eventId: 0CJBs0PMEkW41l9UkfYC2
[2022-02-13T11:07:20.272Z] received result for eventId: yzC0eYW04UAYkREsUWN1z
[2022-02-13T11:07:20.272Z] no more active events
[2022-02-13T11:07:20.273Z] received result for eventId: yzC0eYW04UAYkREsUWN1z
[2022-02-13T11:07:20.273Z] no handler for eventId: yzC0eYW04UAYkREsUWN1z
[2022-02-13T11:07:20.461Z] received result for eventId: dj-OJIlOiS4mmJ4FVVIup
[2022-02-13T11:07:20.461Z] no more active events
[2022-02-13T11:07:20.461Z] received result for eventId: dj-OJIlOiS4mmJ4FVVIup
[2022-02-13T11:07:20.462Z] no handler for eventId: dj-OJIlOiS4mmJ4FVVIup
[2022-02-13T11:07:27.084Z] received result for eventId: loTLJondXMx4_7xpH9Y9H
[2022-02-13T11:07:27.085Z] received result for eventId: loTLJondXMx4_7xpH9Y9H
[2022-02-13T11:07:27.085Z] no handler for eventId: loTLJondXMx4_7xpH9Y9H
[2022-02-13T11:07:27.087Z] received result for eventId: Qr3sgK1g-m7Wme9PNAMGM
[2022-02-13T11:07:27.087Z] no more active events
[2022-02-13T11:07:27.088Z] received result for eventId: Qr3sgK1g-m7Wme9PNAMGM
[2022-02-13T11:07:27.088Z] no handler for eventId: Qr3sgK1g-m7Wme9PNAMGM
[2022-02-13T11:07:27.257Z] received result for eventId: Z8IFB9XnOPvhLZZ2QVU4c
[2022-02-13T11:07:27.257Z] no more active events
[2022-02-13T11:07:27.258Z] received result for eventId: Z8IFB9XnOPvhLZZ2QVU4c
[2022-02-13T11:07:27.258Z] no handler for eventId: Z8IFB9XnOPvhLZZ2QVU4c
[2022-02-13T11:07:29.716Z] received result for eventId: p7zhF6jKGrC-LoCfeB35L
[2022-02-13T11:07:29.716Z] no more active events
[2022-02-13T11:07:29.717Z] received result for eventId: p7zhF6jKGrC-LoCfeB35L
[2022-02-13T11:07:29.717Z] no handler for eventId: p7zhF6jKGrC-LoCfeB35L
[2022-02-13T11:07:29.908Z] received result for eventId: PJOjHOu9m-7LDFu9scKXl
[2022-02-13T11:07:29.908Z] no more active events
[2022-02-13T11:07:29.909Z] received result for eventId: PJOjHOu9m-7LDFu9scKXl
[2022-02-13T11:07:29.909Z] no handler for eventId: PJOjHOu9m-7LDFu9scKXl
[2022-02-13T11:07:30.070Z] received result for eventId: 2W6ocnrUV_ZX66D7U7nvq
[2022-02-13T11:07:30.070Z] no more active events
[2022-02-13T11:07:30.071Z] received result for eventId: 2W6ocnrUV_ZX66D7U7nvq
[2022-02-13T11:07:30.071Z] no handler for eventId: 2W6ocnrUV_ZX66D7U7nvq
[2022-02-13T11:09:06.516Z] received result for eventId: uOXLZmjyhaDSfbsQq36PI
[2022-02-13T11:09:06.516Z] no more active events
[2022-02-13T11:09:06.517Z] received result for eventId: uOXLZmjyhaDSfbsQq36PI
[2022-02-13T11:09:06.517Z] no handler for eventId: uOXLZmjyhaDSfbsQq36PI
[2022-02-13T11:18:48.912Z] received result for eventId: bmN5qhdMJGw9gqQ9n7Grx
[2022-02-13T11:18:48.912Z] no more active events
[2022-02-13T11:18:48.913Z] received result for eventId: bmN5qhdMJGw9gqQ9n7Grx
[2022-02-13T11:18:48.914Z] no handler for eventId: bmN5qhdMJGw9gqQ9n7Grx
[2022-02-13T11:18:49.129Z] received result for eventId: ai_AMWw0gCvwi0ehzbjUq
[2022-02-13T11:18:49.129Z] no more active events
[2022-02-13T11:18:49.130Z] received result for eventId: ai_AMWw0gCvwi0ehzbjUq
[2022-02-13T11:18:49.130Z] no handler for eventId: ai_AMWw0gCvwi0ehzbjUq
[2022-02-13T11:18:49.299Z] received result for eventId: y_pfgjMoyYuMBpG4Us8xV
[2022-02-13T11:18:49.300Z] received result for eventId: y_pfgjMoyYuMBpG4Us8xV
[2022-02-13T11:18:49.300Z] no handler for eventId: y_pfgjMoyYuMBpG4Us8xV
[2022-02-13T11:18:49.301Z] received result for eventId: pKWYrWX7XQv3oyXJKEhlM
[2022-02-13T11:18:49.301Z] no more active events
[2022-02-13T11:18:49.302Z] received result for eventId: pKWYrWX7XQv3oyXJKEhlM
[2022-02-13T11:18:49.302Z] no handler for eventId: pKWYrWX7XQv3oyXJKEhlM
[2022-02-13T11:29:03.574Z] received result for eventId: AFvhwcxQS6Q2hgC8jkXtO
[2022-02-13T11:29:03.574Z] no more active events
[2022-02-13T11:29:03.575Z] received result for eventId: AFvhwcxQS6Q2hgC8jkXtO
[2022-02-13T11:29:03.575Z] no handler for eventId: AFvhwcxQS6Q2hgC8jkXtO
[2022-02-13T11:29:03.766Z] received result for eventId: 7aO_AWNZhhixNRoFIFQ7Q
[2022-02-13T11:29:03.766Z] no more active events
[2022-02-13T11:29:03.767Z] received result for eventId: 7aO_AWNZhhixNRoFIFQ7Q
[2022-02-13T11:29:03.767Z] no handler for eventId: 7aO_AWNZhhixNRoFIFQ7Q
[2022-02-13T11:29:03.950Z] received result for eventId: EApMZ5ith7CIzMrnYQY2E
[2022-02-13T11:29:03.951Z] received result for eventId: EApMZ5ith7CIzMrnYQY2E
[2022-02-13T11:29:03.951Z] no handler for eventId: EApMZ5ith7CIzMrnYQY2E
[2022-02-13T11:29:03.952Z] received result for eventId: RLDnQXCqGPlTdzSDDl_z0
[2022-02-13T11:29:03.952Z] no more active events
[2022-02-13T11:29:03.953Z] received result for eventId: RLDnQXCqGPlTdzSDDl_z0
[2022-02-13T11:29:03.953Z] no handler for eventId: RLDnQXCqGPlTdzSDDl_z0
[2022-02-13T11:34:07.459Z] received result for eventId: U3g7dPTpqVOT3Xj0kddxh
[2022-02-13T11:34:07.460Z] no more active events
[2022-02-13T11:34:07.461Z] received result for eventId: U3g7dPTpqVOT3Xj0kddxh
[2022-02-13T11:34:07.461Z] no handler for eventId: U3g7dPTpqVOT3Xj0kddxh
[2022-02-13T11:34:07.649Z] received result for eventId: 021QJWFHAidXphCyrbXKQ
[2022-02-13T11:34:07.649Z] no more active events
[2022-02-13T11:34:07.650Z] received result for eventId: 021QJWFHAidXphCyrbXKQ
[2022-02-13T11:34:07.650Z] no handler for eventId: 021QJWFHAidXphCyrbXKQ
[2022-02-13T11:34:07.819Z] received result for eventId: hdtyIJVvU4jTP1ru0jg2X
[2022-02-13T11:34:07.820Z] received result for eventId: hdtyIJVvU4jTP1ru0jg2X
[2022-02-13T11:34:07.820Z] no handler for eventId: hdtyIJVvU4jTP1ru0jg2X
[2022-02-13T11:34:07.827Z] received result for eventId: p9vW-Lk2156av26EinA4g
[2022-02-13T11:34:07.827Z] no more active events
[2022-02-13T11:34:07.829Z] received result for eventId: p9vW-Lk2156av26EinA4g
[2022-02-13T11:34:07.829Z] no handler for eventId: p9vW-Lk2156av26EinA4g
[2022-02-13T11:35:24.425Z] received result for eventId: Yrat8sKoF8WlafnJf-zyU
[2022-02-13T11:35:24.425Z] no more active events
[2022-02-13T11:35:24.427Z] received result for eventId: Yrat8sKoF8WlafnJf-zyU
[2022-02-13T11:35:24.427Z] no handler for eventId: Yrat8sKoF8WlafnJf-zyU
[2022-02-13T11:35:24.619Z] received result for eventId: nRVec51ItACbIKiqSRnjS
[2022-02-13T11:35:24.619Z] no more active events
[2022-02-13T11:35:24.620Z] received result for eventId: nRVec51ItACbIKiqSRnjS
[2022-02-13T11:35:24.620Z] no handler for eventId: nRVec51ItACbIKiqSRnjS
[2022-02-13T11:35:24.788Z] received result for eventId: 7YRl2yF4-4DjgctIF3fnm
[2022-02-13T11:35:24.789Z] received result for eventId: 7YRl2yF4-4DjgctIF3fnm
[2022-02-13T11:35:24.789Z] no handler for eventId: 7YRl2yF4-4DjgctIF3fnm
[2022-02-13T11:35:24.791Z] received result for eventId: K195VmdmyhWDYFfmXxge3
[2022-02-13T11:35:24.791Z] no more active events
[2022-02-13T11:35:24.792Z] received result for eventId: K195VmdmyhWDYFfmXxge3
[2022-02-13T11:35:24.792Z] no handler for eventId: K195VmdmyhWDYFfmXxge3
[2022-02-13T11:37:10.949Z] received result for eventId: 0CYLnvz5OjLPMKZ3S85fY
[2022-02-13T11:37:10.949Z] no more active events
[2022-02-13T11:37:10.950Z] received result for eventId: 0CYLnvz5OjLPMKZ3S85fY
[2022-02-13T11:37:10.950Z] no handler for eventId: 0CYLnvz5OjLPMKZ3S85fY
[2022-02-13T11:37:11.145Z] received result for eventId: AqgAIsaxh8WNjFhyQ8U2Z
[2022-02-13T11:37:11.145Z] no more active events
[2022-02-13T11:37:11.146Z] received result for eventId: AqgAIsaxh8WNjFhyQ8U2Z
[2022-02-13T11:37:11.146Z] no handler for eventId: AqgAIsaxh8WNjFhyQ8U2Z
[2022-02-13T11:37:11.315Z] received result for eventId: vm60l93ZHf6zt1f2T9DkP
[2022-02-13T11:37:11.316Z] received result for eventId: vm60l93ZHf6zt1f2T9DkP
[2022-02-13T11:37:11.316Z] no handler for eventId: vm60l93ZHf6zt1f2T9DkP
[2022-02-13T11:37:11.319Z] received result for eventId: cUXQARPNaEdUbSU8QwaQz
[2022-02-13T11:37:11.319Z] no more active events
[2022-02-13T11:37:11.320Z] received result for eventId: cUXQARPNaEdUbSU8QwaQz
[2022-02-13T11:37:11.321Z] no handler for eventId: cUXQARPNaEdUbSU8QwaQz
[2022-02-13T11:37:31.938Z] received result for eventId: Y8cyuAGmltF69aFzVNHQG
[2022-02-13T11:37:31.939Z] no more active events
[2022-02-13T11:37:31.940Z] received result for eventId: Y8cyuAGmltF69aFzVNHQG
[2022-02-13T11:37:31.940Z] no handler for eventId: Y8cyuAGmltF69aFzVNHQG
[2022-02-13T11:37:32.128Z] received result for eventId: IKbkcsHZnvYdMiYzgjo_W
[2022-02-13T11:37:32.128Z] no more active events
[2022-02-13T11:37:32.129Z] received result for eventId: IKbkcsHZnvYdMiYzgjo_W
[2022-02-13T11:37:32.129Z] no handler for eventId: IKbkcsHZnvYdMiYzgjo_W
[2022-02-13T11:37:32.301Z] received result for eventId: jP02FqRJ2TIOWUJ9EAq3h
[2022-02-13T11:37:32.302Z] received result for eventId: jP02FqRJ2TIOWUJ9EAq3h
[2022-02-13T11:37:32.302Z] no handler for eventId: jP02FqRJ2TIOWUJ9EAq3h
[2022-02-13T11:37:32.303Z] received result for eventId: y0kbeOt9XWBO4D-JToWEK
[2022-02-13T11:37:32.303Z] no more active events
[2022-02-13T11:37:32.304Z] received result for eventId: y0kbeOt9XWBO4D-JToWEK
[2022-02-13T11:37:32.304Z] no handler for eventId: y0kbeOt9XWBO4D-JToWEK
[2022-02-13T11:38:33.248Z] received result for eventId: JFG2dHrw2Gf4pqJJ0c6v-
[2022-02-13T11:38:33.249Z] no more active events
[2022-02-13T11:38:33.249Z] received result for eventId: JFG2dHrw2Gf4pqJJ0c6v-
[2022-02-13T11:38:33.250Z] no handler for eventId: JFG2dHrw2Gf4pqJJ0c6v-
[2022-02-13T11:38:33.442Z] received result for eventId: Oe_ZNKXdMq1EEithwLEym
[2022-02-13T11:38:33.442Z] no more active events
[2022-02-13T11:38:33.442Z] received result for eventId: Oe_ZNKXdMq1EEithwLEym
[2022-02-13T11:38:33.443Z] no handler for eventId: Oe_ZNKXdMq1EEithwLEym
[2022-02-13T11:38:33.611Z] received result for eventId: uqTx9ReldbXOBJUpqlre1
[2022-02-13T11:38:33.612Z] received result for eventId: uqTx9ReldbXOBJUpqlre1
[2022-02-13T11:38:33.612Z] no handler for eventId: uqTx9ReldbXOBJUpqlre1
[2022-02-13T11:38:33.613Z] received result for eventId: GdSC29qUMO3kLyt7QRVJi
[2022-02-13T11:38:33.614Z] no more active events
[2022-02-13T11:38:33.614Z] received result for eventId: GdSC29qUMO3kLyt7QRVJi
[2022-02-13T11:38:33.614Z] no handler for eventId: GdSC29qUMO3kLyt7QRVJi
[2022-02-13T11:42:21.937Z] received result for eventId: 2KP-qIwEu7I-iSFUZIsK_
[2022-02-13T11:42:21.937Z] no more active events
[2022-02-13T11:42:21.937Z] received result for eventId: 2KP-qIwEu7I-iSFUZIsK_
[2022-02-13T11:42:21.938Z] no handler for eventId: 2KP-qIwEu7I-iSFUZIsK_
[2022-02-13T11:42:22.129Z] received result for eventId: m8aMdVgemDSaCfxEpmILF
[2022-02-13T11:42:22.129Z] no more active events
[2022-02-13T11:42:22.129Z] received result for eventId: m8aMdVgemDSaCfxEpmILF
[2022-02-13T11:42:22.129Z] no handler for eventId: m8aMdVgemDSaCfxEpmILF
[2022-02-13T11:42:22.317Z] received result for eventId: 4mbcVmqGeQ9Rgm2_zklaY
[2022-02-13T11:42:22.317Z] received result for eventId: 4mbcVmqGeQ9Rgm2_zklaY
[2022-02-13T11:42:22.317Z] no handler for eventId: 4mbcVmqGeQ9Rgm2_zklaY
[2022-02-13T11:42:22.319Z] received result for eventId: DzOrXniRFZSbd1w6XKkKW
[2022-02-13T11:42:22.319Z] no more active events
[2022-02-13T11:42:22.321Z] received result for eventId: DzOrXniRFZSbd1w6XKkKW
[2022-02-13T11:42:22.322Z] no handler for eventId: DzOrXniRFZSbd1w6XKkKW
[2022-02-13T11:42:27.942Z] received result for eventId: A8SxJ9COP9p3NinSHWISV
[2022-02-13T11:42:27.942Z] no more active events
[2022-02-13T11:42:27.943Z] received result for eventId: A8SxJ9COP9p3NinSHWISV
[2022-02-13T11:42:27.943Z] no handler for eventId: A8SxJ9COP9p3NinSHWISV
[2022-02-13T11:42:28.138Z] received result for eventId: LAiqvnVtmmn5lIy7ZG1Wu
[2022-02-13T11:42:28.138Z] no more active events
[2022-02-13T11:42:28.139Z] received result for eventId: LAiqvnVtmmn5lIy7ZG1Wu
[2022-02-13T11:42:28.139Z] no handler for eventId: LAiqvnVtmmn5lIy7ZG1Wu
[2022-02-13T11:42:28.311Z] received result for eventId: rvzB3cIEKknFvd2zQ3hpw
[2022-02-13T11:42:28.312Z] received result for eventId: rvzB3cIEKknFvd2zQ3hpw
[2022-02-13T11:42:28.312Z] no handler for eventId: rvzB3cIEKknFvd2zQ3hpw
[2022-02-13T11:42:28.313Z] received result for eventId: 492V_Wj_haAd1Wi71cJN-
[2022-02-13T11:42:28.313Z] no more active events
[2022-02-13T11:42:28.314Z] received result for eventId: 492V_Wj_haAd1Wi71cJN-
[2022-02-13T11:42:28.314Z] no handler for eventId: 492V_Wj_haAd1Wi71cJN-
[2022-02-13T11:44:34.388Z] received result for eventId: KdIORF-uiPeJ6fS-7b8kK
[2022-02-13T11:44:34.389Z] no more active events
[2022-02-13T11:44:34.390Z] received result for eventId: KdIORF-uiPeJ6fS-7b8kK
[2022-02-13T11:44:34.390Z] no handler for eventId: KdIORF-uiPeJ6fS-7b8kK
[2022-02-13T11:44:34.580Z] received result for eventId: bX0sbbdd6za3v-6yv_ZSs
[2022-02-13T11:44:34.580Z] no more active events
[2022-02-13T11:44:34.581Z] received result for eventId: bX0sbbdd6za3v-6yv_ZSs
[2022-02-13T11:44:34.581Z] no handler for eventId: bX0sbbdd6za3v-6yv_ZSs
[2022-02-13T11:44:34.770Z] received result for eventId: XfKB26tT8GhINGOiVCxMZ
[2022-02-13T11:44:34.771Z] received result for eventId: XfKB26tT8GhINGOiVCxMZ
[2022-02-13T11:44:34.771Z] no handler for eventId: XfKB26tT8GhINGOiVCxMZ
[2022-02-13T11:44:34.772Z] received result for eventId: gF_2O0OOMdeTMa6pdPz6R
[2022-02-13T11:44:34.772Z] no more active events
[2022-02-13T11:44:34.773Z] received result for eventId: gF_2O0OOMdeTMa6pdPz6R
[2022-02-13T11:44:34.773Z] no handler for eventId: gF_2O0OOMdeTMa6pdPz6R
[2022-02-13T11:45:35.289Z] received result for eventId: 9aXqDaBfhpk-oVhR81o5i
[2022-02-13T11:45:35.290Z] no more active events
[2022-02-13T11:45:35.291Z] received result for eventId: 9aXqDaBfhpk-oVhR81o5i
[2022-02-13T11:45:35.291Z] no handler for eventId: 9aXqDaBfhpk-oVhR81o5i
[2022-02-13T11:45:35.486Z] received result for eventId: g1xg6ksw72KPiVRZWndv8
[2022-02-13T11:45:35.486Z] no more active events
[2022-02-13T11:45:35.487Z] received result for eventId: g1xg6ksw72KPiVRZWndv8
[2022-02-13T11:45:35.487Z] no handler for eventId: g1xg6ksw72KPiVRZWndv8
[2022-02-13T11:45:35.658Z] received result for eventId: Hl6C0xQ1nMHBAAHHtjjK4
[2022-02-13T11:45:35.659Z] received result for eventId: Hl6C0xQ1nMHBAAHHtjjK4
[2022-02-13T11:45:35.659Z] no handler for eventId: Hl6C0xQ1nMHBAAHHtjjK4
[2022-02-13T11:45:35.660Z] received result for eventId: hOpLjP1xWBGNzY1F20g3S
[2022-02-13T11:45:35.660Z] no more active events
[2022-02-13T11:45:35.661Z] received result for eventId: hOpLjP1xWBGNzY1F20g3S
[2022-02-13T11:45:35.661Z] no handler for eventId: hOpLjP1xWBGNzY1F20g3S
[2022-02-13T11:54:04.677Z] received result for eventId: m2xhtgeNNnPDFb2MWCRMV
[2022-02-13T11:54:04.677Z] no more active events
[2022-02-13T11:54:04.678Z] received result for eventId: m2xhtgeNNnPDFb2MWCRMV
[2022-02-13T11:54:04.678Z] no handler for eventId: m2xhtgeNNnPDFb2MWCRMV
[2022-02-13T11:54:04.871Z] received result for eventId: gfEoQn4cv0LvzZnjO-0uH
[2022-02-13T11:54:04.871Z] no more active events
[2022-02-13T11:54:04.872Z] received result for eventId: gfEoQn4cv0LvzZnjO-0uH
[2022-02-13T11:54:04.872Z] no handler for eventId: gfEoQn4cv0LvzZnjO-0uH
[2022-02-13T11:54:05.040Z] received result for eventId: BdvxRd80jHp9SG5B0_99E
[2022-02-13T11:54:05.041Z] received result for eventId: BdvxRd80jHp9SG5B0_99E
[2022-02-13T11:54:05.041Z] no handler for eventId: BdvxRd80jHp9SG5B0_99E
[2022-02-13T11:54:05.043Z] received result for eventId: N61ZhPrXW8newCXnhbu2r
[2022-02-13T11:54:05.043Z] no more active events
[2022-02-13T11:54:05.043Z] received result for eventId: N61ZhPrXW8newCXnhbu2r
[2022-02-13T11:54:05.043Z] no handler for eventId: N61ZhPrXW8newCXnhbu2r
[2022-02-13T11:54:45.552Z] received result for eventId: 5jIS87g9rZx3OoDS-YHKn
[2022-02-13T11:54:45.552Z] no more active events
[2022-02-13T11:54:45.554Z] received result for eventId: 5jIS87g9rZx3OoDS-YHKn
[2022-02-13T11:54:45.554Z] no handler for eventId: 5jIS87g9rZx3OoDS-YHKn
[2022-02-13T11:54:45.738Z] received result for eventId: a-iibBLmrMZ4L40zfn889
[2022-02-13T11:54:45.739Z] no more active events
[2022-02-13T11:54:45.739Z] received result for eventId: a-iibBLmrMZ4L40zfn889
[2022-02-13T11:54:45.739Z] no handler for eventId: a-iibBLmrMZ4L40zfn889
[2022-02-13T11:54:45.904Z] received result for eventId: rJzNjX0YATbRsUoUT8L15
[2022-02-13T11:54:45.905Z] received result for eventId: rJzNjX0YATbRsUoUT8L15
[2022-02-13T11:54:45.905Z] no handler for eventId: rJzNjX0YATbRsUoUT8L15
[2022-02-13T11:54:45.906Z] received result for eventId: J7NZKX-hwfs93scgxT5Yg
[2022-02-13T11:54:45.906Z] no more active events
[2022-02-13T11:54:45.907Z] received result for eventId: J7NZKX-hwfs93scgxT5Yg
[2022-02-13T11:54:45.907Z] no handler for eventId: J7NZKX-hwfs93scgxT5Yg
[2022-02-13T11:55:01.742Z] received result for eventId: kUHJd4gmDByC6XrkxZb4I
[2022-02-13T11:55:01.742Z] no more active events
[2022-02-13T11:55:01.743Z] received result for eventId: kUHJd4gmDByC6XrkxZb4I
[2022-02-13T11:55:01.743Z] no handler for eventId: kUHJd4gmDByC6XrkxZb4I
[2022-02-13T11:55:01.939Z] received result for eventId: EJ0Obp6H9WdxlR2UjErtm
[2022-02-13T11:55:01.939Z] no more active events
[2022-02-13T11:55:01.940Z] received result for eventId: EJ0Obp6H9WdxlR2UjErtm
[2022-02-13T11:55:01.940Z] no handler for eventId: EJ0Obp6H9WdxlR2UjErtm
[2022-02-13T11:55:02.125Z] received result for eventId: CuO1HCHKavzpAM-rC9AHv
[2022-02-13T11:55:02.126Z] received result for eventId: CuO1HCHKavzpAM-rC9AHv
[2022-02-13T11:55:02.126Z] no handler for eventId: CuO1HCHKavzpAM-rC9AHv
[2022-02-13T11:55:02.128Z] received result for eventId: O90kM9GOB8K6zdfZUg6V-
[2022-02-13T11:55:02.128Z] no more active events
[2022-02-13T11:55:02.129Z] received result for eventId: O90kM9GOB8K6zdfZUg6V-
[2022-02-13T11:55:02.130Z] no handler for eventId: O90kM9GOB8K6zdfZUg6V-
[2022-02-13T11:56:02.717Z] received result for eventId: tD9_wumll9-v0VwMAsDWP
[2022-02-13T11:56:02.717Z] no more active events
[2022-02-13T11:56:02.719Z] received result for eventId: tD9_wumll9-v0VwMAsDWP
[2022-02-13T11:56:02.719Z] no handler for eventId: tD9_wumll9-v0VwMAsDWP
[2022-02-13T11:56:02.909Z] received result for eventId: zYrkuEHgiAfwkpyh5oiB-
[2022-02-13T11:56:02.910Z] no more active events
[2022-02-13T11:56:02.910Z] received result for eventId: zYrkuEHgiAfwkpyh5oiB-
[2022-02-13T11:56:02.911Z] no handler for eventId: zYrkuEHgiAfwkpyh5oiB-
[2022-02-13T11:56:03.090Z] received result for eventId: kSoOa4ffYfOb1BhUcYmFZ
[2022-02-13T11:56:03.091Z] received result for eventId: kSoOa4ffYfOb1BhUcYmFZ
[2022-02-13T11:56:03.091Z] no handler for eventId: kSoOa4ffYfOb1BhUcYmFZ
[2022-02-13T11:56:03.093Z] received result for eventId: jni-Xb0Px_a8vThiTnS4e
[2022-02-13T11:56:03.093Z] no more active events
[2022-02-13T11:56:03.094Z] received result for eventId: jni-Xb0Px_a8vThiTnS4e
[2022-02-13T11:56:03.094Z] no handler for eventId: jni-Xb0Px_a8vThiTnS4e
[2022-02-13T11:59:20.061Z] received result for eventId: bCQ8RqVvPhk42CnF8YhE5
[2022-02-13T11:59:20.061Z] no more active events
[2022-02-13T11:59:20.063Z] received result for eventId: bCQ8RqVvPhk42CnF8YhE5
[2022-02-13T11:59:20.063Z] no handler for eventId: bCQ8RqVvPhk42CnF8YhE5
[2022-02-13T11:59:20.254Z] received result for eventId: 2eaMtyMu7EGpWlQZTvpre
[2022-02-13T11:59:20.254Z] no more active events
[2022-02-13T11:59:20.255Z] received result for eventId: 2eaMtyMu7EGpWlQZTvpre
[2022-02-13T11:59:20.255Z] no handler for eventId: 2eaMtyMu7EGpWlQZTvpre
[2022-02-13T11:59:20.435Z] received result for eventId: RMCoCNlZLhvZyxW1QZNlC
[2022-02-13T11:59:20.436Z] received result for eventId: RMCoCNlZLhvZyxW1QZNlC
[2022-02-13T11:59:20.436Z] no handler for eventId: RMCoCNlZLhvZyxW1QZNlC
[2022-02-13T11:59:20.438Z] received result for eventId: IC4CNsjlwFT3dK0iWzCxp
[2022-02-13T11:59:20.438Z] no more active events
[2022-02-13T11:59:20.439Z] received result for eventId: IC4CNsjlwFT3dK0iWzCxp
[2022-02-13T11:59:20.439Z] no handler for eventId: IC4CNsjlwFT3dK0iWzCxp
[2022-02-13T12:11:32.385Z] received result for eventId: iIm_G7tDg8f__pF9S7Ov-
[2022-02-13T12:11:32.386Z] received result for eventId: iIm_G7tDg8f__pF9S7Ov-
[2022-02-13T12:11:32.387Z] no handler for eventId: iIm_G7tDg8f__pF9S7Ov-
[2022-02-13T12:11:32.399Z] received result for eventId: N9dfcyUc_5CuAsWK8Z0ZZ
[2022-02-13T12:11:32.399Z] no more active events
[2022-02-13T12:11:32.400Z] received result for eventId: N9dfcyUc_5CuAsWK8Z0ZZ
[2022-02-13T12:11:32.400Z] no handler for eventId: N9dfcyUc_5CuAsWK8Z0ZZ
[2022-02-13T12:11:32.599Z] received result for eventId: X1Txm8wvjRrCksIT-hyms
[2022-02-13T12:11:32.599Z] received result for eventId: X1Txm8wvjRrCksIT-hyms
[2022-02-13T12:11:32.600Z] no handler for eventId: X1Txm8wvjRrCksIT-hyms
[2022-02-13T12:11:32.602Z] received result for eventId: QTRYkS4Z8d57ugndbDQWE
[2022-02-13T12:11:32.602Z] no more active events
[2022-02-13T12:11:32.603Z] received result for eventId: QTRYkS4Z8d57ugndbDQWE
[2022-02-13T12:11:32.603Z] no handler for eventId: QTRYkS4Z8d57ugndbDQWE
[2022-02-13T12:14:02.187Z] received result for eventId: -1nWi1F0VuzVKznEjHYDa
[2022-02-13T12:14:02.188Z] received result for eventId: -1nWi1F0VuzVKznEjHYDa
[2022-02-13T12:14:02.188Z] no handler for eventId: -1nWi1F0VuzVKznEjHYDa
[2022-02-13T12:14:02.207Z] received result for eventId: _ksiNC-F5be5_quTcp_9s
[2022-02-13T12:14:02.207Z] no more active events
[2022-02-13T12:14:02.208Z] received result for eventId: _ksiNC-F5be5_quTcp_9s
[2022-02-13T12:14:02.208Z] no handler for eventId: _ksiNC-F5be5_quTcp_9s
[2022-02-13T12:14:02.435Z] received result for eventId: 51SVzcFqr5OMO_Kx9EqjN
[2022-02-13T12:14:02.436Z] received result for eventId: 51SVzcFqr5OMO_Kx9EqjN
[2022-02-13T12:14:02.436Z] no handler for eventId: 51SVzcFqr5OMO_Kx9EqjN
[2022-02-13T12:14:02.439Z] received result for eventId: wHgrQ06L1cSLngq5yV2eA
[2022-02-13T12:14:02.439Z] no more active events
[2022-02-13T12:14:02.439Z] received result for eventId: wHgrQ06L1cSLngq5yV2eA
[2022-02-13T12:14:02.439Z] no handler for eventId: wHgrQ06L1cSLngq5yV2eA
[2022-02-13T12:16:36.774Z] received result for eventId: 9JKD_ZrvBxRhUQq4hmgxL
[2022-02-13T12:16:36.775Z] no more active events
[2022-02-13T12:16:36.775Z] received result for eventId: 9JKD_ZrvBxRhUQq4hmgxL
[2022-02-13T12:16:36.777Z] no handler for eventId: 9JKD_ZrvBxRhUQq4hmgxL
[2022-02-13T12:16:36.963Z] received result for eventId: YOGhRu0ld0m4XhcPJwH8w
[2022-02-13T12:16:36.963Z] no more active events
[2022-02-13T12:16:36.964Z] received result for eventId: YOGhRu0ld0m4XhcPJwH8w
[2022-02-13T12:16:36.964Z] no handler for eventId: YOGhRu0ld0m4XhcPJwH8w
[2022-02-13T12:16:37.139Z] received result for eventId: jWDTJdGMRVaE6pJF4tkhg
[2022-02-13T12:16:37.141Z] received result for eventId: jWDTJdGMRVaE6pJF4tkhg
[2022-02-13T12:16:37.141Z] no handler for eventId: jWDTJdGMRVaE6pJF4tkhg
[2022-02-13T12:16:37.142Z] received result for eventId: x3hsmbzaLtJBHtuKaPYTt
[2022-02-13T12:16:37.143Z] no more active events
[2022-02-13T12:16:37.144Z] received result for eventId: x3hsmbzaLtJBHtuKaPYTt
[2022-02-13T12:16:37.144Z] no handler for eventId: x3hsmbzaLtJBHtuKaPYTt
[2022-02-13T12:18:00.425Z] received result for eventId: Atv0aVwH1D-OwxHXPKYn7
[2022-02-13T12:18:00.426Z] no more active events
[2022-02-13T12:18:00.427Z] received result for eventId: Atv0aVwH1D-OwxHXPKYn7
[2022-02-13T12:18:00.427Z] no handler for eventId: Atv0aVwH1D-OwxHXPKYn7
[2022-02-13T12:18:00.624Z] received result for eventId: cEVXDEULM1ykUn_6tT3mG
[2022-02-13T12:18:00.624Z] no more active events
[2022-02-13T12:18:00.624Z] received result for eventId: cEVXDEULM1ykUn_6tT3mG
[2022-02-13T12:18:00.625Z] no handler for eventId: cEVXDEULM1ykUn_6tT3mG
[2022-02-13T12:18:00.802Z] received result for eventId: xdmlCo7AIM6IwhgtgqZfe
[2022-02-13T12:18:00.803Z] received result for eventId: xdmlCo7AIM6IwhgtgqZfe
[2022-02-13T12:18:00.803Z] no handler for eventId: xdmlCo7AIM6IwhgtgqZfe
[2022-02-13T12:18:00.804Z] received result for eventId: B4EVHJT-f13CqNUM1f8xz
[2022-02-13T12:18:00.804Z] no more active events
[2022-02-13T12:18:00.805Z] received result for eventId: B4EVHJT-f13CqNUM1f8xz
[2022-02-13T12:18:00.805Z] no handler for eventId: B4EVHJT-f13CqNUM1f8xz
[2022-02-13T12:18:33.187Z] received result for eventId: yPEzI6I6ydI5U2ZM1QSmX
[2022-02-13T12:18:33.187Z] no more active events
[2022-02-13T12:18:33.188Z] received result for eventId: yPEzI6I6ydI5U2ZM1QSmX
[2022-02-13T12:18:33.189Z] no handler for eventId: yPEzI6I6ydI5U2ZM1QSmX
[2022-02-13T12:18:33.386Z] received result for eventId: yqyFNRPjd7uFzK649gJkW
[2022-02-13T12:18:33.386Z] no more active events
[2022-02-13T12:18:33.387Z] received result for eventId: yqyFNRPjd7uFzK649gJkW
[2022-02-13T12:18:33.387Z] no handler for eventId: yqyFNRPjd7uFzK649gJkW
[2022-02-13T12:18:33.571Z] received result for eventId: tLLqnyBoVwcSgmy3l5DXq
[2022-02-13T12:18:33.571Z] received result for eventId: tLLqnyBoVwcSgmy3l5DXq
[2022-02-13T12:18:33.572Z] no handler for eventId: tLLqnyBoVwcSgmy3l5DXq
[2022-02-13T12:18:33.573Z] received result for eventId: lQke6xCbPNhR54by4zOeC
[2022-02-13T12:18:33.573Z] no more active events
[2022-02-13T12:18:33.573Z] received result for eventId: lQke6xCbPNhR54by4zOeC
[2022-02-13T12:18:33.574Z] no handler for eventId: lQke6xCbPNhR54by4zOeC
[2022-02-13T12:19:43.404Z] received result for eventId: NnVcolxrTjVvnwB6A3Ywk
[2022-02-13T12:19:43.404Z] no more active events
[2022-02-13T12:19:43.405Z] received result for eventId: NnVcolxrTjVvnwB6A3Ywk
[2022-02-13T12:19:43.405Z] no handler for eventId: NnVcolxrTjVvnwB6A3Ywk
[2022-02-13T12:19:43.596Z] received result for eventId: lnr6_zeppP5oKcSjMOZAk
[2022-02-13T12:19:43.596Z] no more active events
[2022-02-13T12:19:43.597Z] received result for eventId: lnr6_zeppP5oKcSjMOZAk
[2022-02-13T12:19:43.597Z] no handler for eventId: lnr6_zeppP5oKcSjMOZAk
[2022-02-13T12:19:43.757Z] received result for eventId: jeVQXLEdPC6Jjzy5-2U0k
[2022-02-13T12:19:43.758Z] received result for eventId: jeVQXLEdPC6Jjzy5-2U0k
[2022-02-13T12:19:43.758Z] no handler for eventId: jeVQXLEdPC6Jjzy5-2U0k
[2022-02-13T12:19:43.759Z] received result for eventId: QVKCQDe-OwicmXUXz5suj
[2022-02-13T12:19:43.759Z] no more active events
[2022-02-13T12:19:43.760Z] received result for eventId: QVKCQDe-OwicmXUXz5suj
[2022-02-13T12:19:43.760Z] no handler for eventId: QVKCQDe-OwicmXUXz5suj
[2022-02-13T12:21:44.318Z] received result for eventId: cHDMyDrlytCs7VuO5M_V1
[2022-02-13T12:21:44.318Z] no more active events
[2022-02-13T12:21:44.320Z] received result for eventId: cHDMyDrlytCs7VuO5M_V1
[2022-02-13T12:21:44.320Z] no handler for eventId: cHDMyDrlytCs7VuO5M_V1
[2022-02-13T12:21:44.503Z] received result for eventId: TT3ZdmEFOlSKLHi_Vk3ed
[2022-02-13T12:21:44.503Z] no more active events
[2022-02-13T12:21:44.504Z] received result for eventId: TT3ZdmEFOlSKLHi_Vk3ed
[2022-02-13T12:21:44.504Z] no handler for eventId: TT3ZdmEFOlSKLHi_Vk3ed
[2022-02-13T12:21:44.680Z] received result for eventId: kw62LXpIm4e5nGVog1-YP
[2022-02-13T12:21:44.681Z] received result for eventId: kw62LXpIm4e5nGVog1-YP
[2022-02-13T12:21:44.681Z] no handler for eventId: kw62LXpIm4e5nGVog1-YP
[2022-02-13T12:21:44.682Z] received result for eventId: aUbWtJymihFf_U2IJHCpS
[2022-02-13T12:21:44.682Z] no more active events
[2022-02-13T12:21:44.683Z] received result for eventId: aUbWtJymihFf_U2IJHCpS
[2022-02-13T12:21:44.683Z] no handler for eventId: aUbWtJymihFf_U2IJHCpS
[2022-02-13T12:24:14.669Z] received result for eventId: Ybj-VpKMRIBk-e_bT7tcK
[2022-02-13T12:24:14.669Z] no more active events
[2022-02-13T12:24:14.670Z] received result for eventId: Ybj-VpKMRIBk-e_bT7tcK
[2022-02-13T12:24:14.670Z] no handler for eventId: Ybj-VpKMRIBk-e_bT7tcK
[2022-02-13T12:24:14.857Z] received result for eventId: pRkMLJusG745Z5zbWIf_Z
[2022-02-13T12:24:14.857Z] no more active events
[2022-02-13T12:24:14.857Z] received result for eventId: pRkMLJusG745Z5zbWIf_Z
[2022-02-13T12:24:14.857Z] no handler for eventId: pRkMLJusG745Z5zbWIf_Z
[2022-02-13T12:24:15.027Z] received result for eventId: 7S8u3x06Qt6qqR7QvvDC2
[2022-02-13T12:24:15.028Z] received result for eventId: 7S8u3x06Qt6qqR7QvvDC2
[2022-02-13T12:24:15.028Z] no handler for eventId: 7S8u3x06Qt6qqR7QvvDC2
[2022-02-13T12:24:15.029Z] received result for eventId: CwtlwD6c1xtXDWAKLQ2ZA
[2022-02-13T12:24:15.029Z] no more active events
[2022-02-13T12:24:15.030Z] received result for eventId: CwtlwD6c1xtXDWAKLQ2ZA
[2022-02-13T12:24:15.030Z] no handler for eventId: CwtlwD6c1xtXDWAKLQ2ZA
[2022-02-13T12:24:48.800Z] received result for eventId: w4Bwgb5dzrDtGnQMNhIdE
[2022-02-13T12:24:48.801Z] no more active events
[2022-02-13T12:24:48.802Z] received result for eventId: w4Bwgb5dzrDtGnQMNhIdE
[2022-02-13T12:24:48.802Z] no handler for eventId: w4Bwgb5dzrDtGnQMNhIdE
[2022-02-13T12:24:48.990Z] received result for eventId: _X3Yx4loL3bHhGAizfv9R
[2022-02-13T12:24:48.990Z] no more active events
[2022-02-13T12:24:48.991Z] received result for eventId: _X3Yx4loL3bHhGAizfv9R
[2022-02-13T12:24:48.991Z] no handler for eventId: _X3Yx4loL3bHhGAizfv9R
[2022-02-13T12:24:49.164Z] received result for eventId: LX_BaGo-jNIJ41PRZbn86
[2022-02-13T12:24:49.164Z] received result for eventId: LX_BaGo-jNIJ41PRZbn86
[2022-02-13T12:24:49.164Z] no handler for eventId: LX_BaGo-jNIJ41PRZbn86
[2022-02-13T12:24:49.166Z] received result for eventId: IaF5HPZB93UB33rc0ei4M
[2022-02-13T12:24:49.166Z] no more active events
[2022-02-13T12:24:49.167Z] received result for eventId: IaF5HPZB93UB33rc0ei4M
[2022-02-13T12:24:49.167Z] no handler for eventId: IaF5HPZB93UB33rc0ei4M
[2022-02-13T12:26:07.868Z] received result for eventId: lKN9bnVjG4ByVdFGRoFyy
[2022-02-13T12:26:07.869Z] received result for eventId: lKN9bnVjG4ByVdFGRoFyy
[2022-02-13T12:26:07.869Z] no handler for eventId: lKN9bnVjG4ByVdFGRoFyy
[2022-02-13T12:26:07.883Z] received result for eventId: 57aSZYFdt9euA9TQBKo-I
[2022-02-13T12:26:07.883Z] no more active events
[2022-02-13T12:26:07.884Z] received result for eventId: 57aSZYFdt9euA9TQBKo-I
[2022-02-13T12:26:07.884Z] no handler for eventId: 57aSZYFdt9euA9TQBKo-I
[2022-02-13T12:26:08.059Z] received result for eventId: VsTiGLoyT1_a1-MfBpL3D
[2022-02-13T12:26:08.060Z] received result for eventId: VsTiGLoyT1_a1-MfBpL3D
[2022-02-13T12:26:08.060Z] no handler for eventId: VsTiGLoyT1_a1-MfBpL3D
[2022-02-13T12:26:08.061Z] received result for eventId: kYdE8adZ8ysLabXPiUgrV
[2022-02-13T12:26:08.061Z] no more active events
[2022-02-13T12:26:08.062Z] received result for eventId: kYdE8adZ8ysLabXPiUgrV
[2022-02-13T12:26:08.062Z] no handler for eventId: kYdE8adZ8ysLabXPiUgrV
[2022-02-13T12:36:10.324Z] Starting...
[2022-02-13T12:36:10.328Z] Creating express app
[2022-02-13T12:36:10.329Z] Started
[2022-02-13T12:36:57.826Z] received result for eventId: L3IEsscz6GJhbqyWYcTaL
[2022-02-13T12:36:57.826Z] no more active events
[2022-02-13T12:36:57.827Z] received result for eventId: L3IEsscz6GJhbqyWYcTaL
[2022-02-13T12:36:57.828Z] no handler for eventId: L3IEsscz6GJhbqyWYcTaL
[2022-02-13T12:36:58.056Z] received result for eventId: onDPqXTKsRSnFA-hWVCA2
[2022-02-13T12:36:58.057Z] no more active events
[2022-02-13T12:36:58.057Z] received result for eventId: onDPqXTKsRSnFA-hWVCA2
[2022-02-13T12:36:58.058Z] no handler for eventId: onDPqXTKsRSnFA-hWVCA2
[2022-02-13T12:37:06.576Z] received result for eventId: KqngXhVYEqz0n3MrLD1Tt
[2022-02-13T12:37:06.576Z] no more active events
[2022-02-13T12:37:06.577Z] received result for eventId: KqngXhVYEqz0n3MrLD1Tt
[2022-02-13T12:37:06.577Z] no handler for eventId: KqngXhVYEqz0n3MrLD1Tt
[2022-02-13T12:39:05.440Z] received result for eventId: fcghOAZfVq-n8b-aewEAN
[2022-02-13T12:39:05.441Z] received result for eventId: fcghOAZfVq-n8b-aewEAN
[2022-02-13T12:39:05.441Z] no handler for eventId: fcghOAZfVq-n8b-aewEAN
[2022-02-13T12:39:05.472Z] received result for eventId: QoQI94GNbbCmkJ0_Yvnzx
[2022-02-13T12:39:05.473Z] no more active events
[2022-02-13T12:39:05.474Z] received result for eventId: QoQI94GNbbCmkJ0_Yvnzx
[2022-02-13T12:39:05.474Z] no handler for eventId: QoQI94GNbbCmkJ0_Yvnzx
[2022-02-13T12:39:05.657Z] received result for eventId: t6V0K2Doc_rI71OipyzQL
[2022-02-13T12:39:05.657Z] no more active events
[2022-02-13T12:39:05.657Z] received result for eventId: t6V0K2Doc_rI71OipyzQL
[2022-02-13T12:39:05.657Z] no handler for eventId: t6V0K2Doc_rI71OipyzQL
[2022-02-13T12:39:12.093Z] received result for eventId: MTyM4YOjeMAx6ZvqSNDGM
[2022-02-13T12:39:12.093Z] no more active events
[2022-02-13T12:39:12.094Z] received result for eventId: MTyM4YOjeMAx6ZvqSNDGM
[2022-02-13T12:39:12.094Z] no handler for eventId: MTyM4YOjeMAx6ZvqSNDGM
[2022-02-13T12:39:12.287Z] received result for eventId: ISsV_ASnVJEk_KOJ_N4bD
[2022-02-13T12:39:12.287Z] no more active events
[2022-02-13T12:39:12.287Z] received result for eventId: ISsV_ASnVJEk_KOJ_N4bD
[2022-02-13T12:39:12.288Z] no handler for eventId: ISsV_ASnVJEk_KOJ_N4bD
[2022-02-13T12:39:12.461Z] received result for eventId: qHxGp4HQnb2WzxA9I31_J
[2022-02-13T12:39:12.462Z] no more active events
[2022-02-13T12:39:12.463Z] received result for eventId: qHxGp4HQnb2WzxA9I31_J
[2022-02-13T12:39:12.463Z] no handler for eventId: qHxGp4HQnb2WzxA9I31_J
[2022-02-13T12:39:17.658Z] received result for eventId: W5EIPaF6aCEX11_XdNB5R
[2022-02-13T12:39:17.658Z] no more active events
[2022-02-13T12:39:17.659Z] received result for eventId: W5EIPaF6aCEX11_XdNB5R
[2022-02-13T12:39:17.659Z] no handler for eventId: W5EIPaF6aCEX11_XdNB5R
[2022-02-13T12:40:23.914Z] received result for eventId: qayVpG9VbzD2Q9kMbtVLq
[2022-02-13T12:40:23.915Z] received result for eventId: qayVpG9VbzD2Q9kMbtVLq
[2022-02-13T12:40:23.916Z] no handler for eventId: qayVpG9VbzD2Q9kMbtVLq
[2022-02-13T12:40:23.918Z] received result for eventId: hZvrp1wi8r87yXfrwdjJ_
[2022-02-13T12:40:23.918Z] no more active events
[2022-02-13T12:40:23.919Z] received result for eventId: hZvrp1wi8r87yXfrwdjJ_
[2022-02-13T12:40:23.919Z] no handler for eventId: hZvrp1wi8r87yXfrwdjJ_
[2022-02-13T12:40:24.092Z] received result for eventId: pOt3GluDXCglFy6YzjUU1
[2022-02-13T12:40:24.093Z] received result for eventId: pOt3GluDXCglFy6YzjUU1
[2022-02-13T12:40:24.093Z] no handler for eventId: pOt3GluDXCglFy6YzjUU1
[2022-02-13T12:40:24.109Z] received result for eventId: F1aogyO8K8VjFWZ22weV9
[2022-02-13T12:40:24.110Z] no more active events
[2022-02-13T12:40:24.110Z] received result for eventId: F1aogyO8K8VjFWZ22weV9
[2022-02-13T12:40:24.110Z] no handler for eventId: F1aogyO8K8VjFWZ22weV9
[2022-02-13T12:40:26.908Z] received result for eventId: Q36nMDEeK5JYlMbz23gJu
[2022-02-13T12:40:26.909Z] no more active events
[2022-02-13T12:40:26.909Z] received result for eventId: Q36nMDEeK5JYlMbz23gJu
[2022-02-13T12:40:26.909Z] no handler for eventId: Q36nMDEeK5JYlMbz23gJu
[2022-02-13T12:40:27.106Z] received result for eventId: 8cjTSjDDj7fR4yVSSbZJn
[2022-02-13T12:40:27.106Z] no more active events
[2022-02-13T12:40:27.107Z] received result for eventId: 8cjTSjDDj7fR4yVSSbZJn
[2022-02-13T12:40:27.107Z] no handler for eventId: 8cjTSjDDj7fR4yVSSbZJn
[2022-02-13T12:40:27.284Z] received result for eventId: WpAM7go0idEK0ZKPeNdsf
[2022-02-13T12:40:27.285Z] received result for eventId: WpAM7go0idEK0ZKPeNdsf
[2022-02-13T12:40:27.285Z] no handler for eventId: WpAM7go0idEK0ZKPeNdsf
[2022-02-13T12:40:27.287Z] received result for eventId: 3g6lTvJZku0GfOZcQK3t3
[2022-02-13T12:40:27.287Z] no more active events
[2022-02-13T12:40:27.288Z] received result for eventId: 3g6lTvJZku0GfOZcQK3t3
[2022-02-13T12:40:27.288Z] no handler for eventId: 3g6lTvJZku0GfOZcQK3t3
[2022-02-13T12:41:40.930Z] received result for eventId: ffrXaXb10iC4A6YZHJnVV
[2022-02-13T12:41:40.931Z] no more active events
[2022-02-13T12:41:40.933Z] received result for eventId: ffrXaXb10iC4A6YZHJnVV
[2022-02-13T12:41:40.933Z] no handler for eventId: ffrXaXb10iC4A6YZHJnVV
[2022-02-13T12:41:41.124Z] received result for eventId: FH1x4IOeEy6SDTZX4tCQk
[2022-02-13T12:41:41.124Z] no more active events
[2022-02-13T12:41:41.125Z] received result for eventId: FH1x4IOeEy6SDTZX4tCQk
[2022-02-13T12:41:41.125Z] no handler for eventId: FH1x4IOeEy6SDTZX4tCQk
[2022-02-13T12:41:41.302Z] received result for eventId: HonNYfKPs3dsrN8xsLE4j
[2022-02-13T12:41:41.303Z] received result for eventId: HonNYfKPs3dsrN8xsLE4j
[2022-02-13T12:41:41.303Z] no handler for eventId: HonNYfKPs3dsrN8xsLE4j
[2022-02-13T12:41:41.309Z] received result for eventId: BxViJDzxoheHFMau9MAjs
[2022-02-13T12:41:41.310Z] no more active events
[2022-02-13T12:41:41.310Z] received result for eventId: BxViJDzxoheHFMau9MAjs
[2022-02-13T12:41:41.310Z] no handler for eventId: BxViJDzxoheHFMau9MAjs
[2022-02-13T12:42:11.225Z] received result for eventId: daRdXELD-buTD8UfMKlZl
[2022-02-13T12:42:11.225Z] no more active events
[2022-02-13T12:42:11.226Z] received result for eventId: daRdXELD-buTD8UfMKlZl
[2022-02-13T12:42:11.226Z] no handler for eventId: daRdXELD-buTD8UfMKlZl
[2022-02-13T12:42:11.420Z] received result for eventId: dMR5AgwokFMKhxjTsRQkK
[2022-02-13T12:42:11.420Z] no more active events
[2022-02-13T12:42:11.421Z] received result for eventId: dMR5AgwokFMKhxjTsRQkK
[2022-02-13T12:42:11.421Z] no handler for eventId: dMR5AgwokFMKhxjTsRQkK
[2022-02-13T12:42:11.589Z] received result for eventId: S8LcwVTSOfnDQKzdr_zAC
[2022-02-13T12:42:11.589Z] received result for eventId: S8LcwVTSOfnDQKzdr_zAC
[2022-02-13T12:42:11.590Z] no handler for eventId: S8LcwVTSOfnDQKzdr_zAC
[2022-02-13T12:42:11.601Z] received result for eventId: Wj7_YepS-5fLvB_6ipVfW
[2022-02-13T12:42:11.601Z] no more active events
[2022-02-13T12:42:11.602Z] received result for eventId: Wj7_YepS-5fLvB_6ipVfW
[2022-02-13T12:42:11.602Z] no handler for eventId: Wj7_YepS-5fLvB_6ipVfW
[2022-02-13T12:42:57.484Z] received result for eventId: U0H0KqczBVQbuyR2kG6qg
[2022-02-13T12:42:57.485Z] no more active events
[2022-02-13T12:42:57.485Z] received result for eventId: U0H0KqczBVQbuyR2kG6qg
[2022-02-13T12:42:57.485Z] no handler for eventId: U0H0KqczBVQbuyR2kG6qg
[2022-02-13T12:42:57.676Z] received result for eventId: HU3svVZrPH_nGtVtD6p_5
[2022-02-13T12:42:57.676Z] no more active events
[2022-02-13T12:42:57.677Z] received result for eventId: HU3svVZrPH_nGtVtD6p_5
[2022-02-13T12:42:57.677Z] no handler for eventId: HU3svVZrPH_nGtVtD6p_5
[2022-02-13T12:42:57.855Z] received result for eventId: iwtTd3M-rVh3Z7eKzIQ_8
[2022-02-13T12:42:57.856Z] received result for eventId: iwtTd3M-rVh3Z7eKzIQ_8
[2022-02-13T12:42:57.856Z] no handler for eventId: iwtTd3M-rVh3Z7eKzIQ_8
[2022-02-13T12:42:57.860Z] received result for eventId: UryMwSrAUpygBmiA43kPx
[2022-02-13T12:42:57.860Z] no more active events
[2022-02-13T12:42:57.861Z] received result for eventId: UryMwSrAUpygBmiA43kPx
[2022-02-13T12:42:57.861Z] no handler for eventId: UryMwSrAUpygBmiA43kPx
[2022-02-13T12:43:01.093Z] received result for eventId: 2jBH9cm6KwhWjv2Stnq-Z
[2022-02-13T12:43:01.094Z] no more active events
[2022-02-13T12:43:01.094Z] received result for eventId: 2jBH9cm6KwhWjv2Stnq-Z
[2022-02-13T12:43:01.094Z] no handler for eventId: 2jBH9cm6KwhWjv2Stnq-Z
[2022-02-13T12:43:33.299Z] received result for eventId: P85PEn78lFsRGxZi5LjB4
[2022-02-13T12:43:33.299Z] no more active events
[2022-02-13T12:43:33.300Z] received result for eventId: P85PEn78lFsRGxZi5LjB4
[2022-02-13T12:43:33.300Z] no handler for eventId: P85PEn78lFsRGxZi5LjB4
[2022-02-13T12:43:33.498Z] received result for eventId: MLkiFRltOaUbq5D2pEBcP
[2022-02-13T12:43:33.498Z] no more active events
[2022-02-13T12:43:33.499Z] received result for eventId: MLkiFRltOaUbq5D2pEBcP
[2022-02-13T12:43:33.499Z] no handler for eventId: MLkiFRltOaUbq5D2pEBcP
[2022-02-13T12:43:33.657Z] received result for eventId: 77wgQdydQXcTnXL_0QMVC
[2022-02-13T12:43:33.658Z] received result for eventId: 77wgQdydQXcTnXL_0QMVC
[2022-02-13T12:43:33.658Z] no handler for eventId: 77wgQdydQXcTnXL_0QMVC
[2022-02-13T12:43:33.671Z] received result for eventId: 3GPHpi49P9avjb9D4jq3f
[2022-02-13T12:43:33.671Z] no more active events
[2022-02-13T12:43:33.672Z] received result for eventId: 3GPHpi49P9avjb9D4jq3f
[2022-02-13T12:43:33.672Z] no handler for eventId: 3GPHpi49P9avjb9D4jq3f
[2022-02-13T12:43:38.372Z] received result for eventId: rXpqrv3XYjSwTCOPqYOwG
[2022-02-13T12:43:38.372Z] no more active events
[2022-02-13T12:43:38.373Z] received result for eventId: rXpqrv3XYjSwTCOPqYOwG
[2022-02-13T12:43:38.373Z] no handler for eventId: rXpqrv3XYjSwTCOPqYOwG
[2022-02-13T12:44:18.951Z] received result for eventId: LcVHuQ0AcjhmA5BtLQtza
[2022-02-13T12:44:18.951Z] no more active events
[2022-02-13T12:44:18.952Z] received result for eventId: LcVHuQ0AcjhmA5BtLQtza
[2022-02-13T12:44:18.952Z] no handler for eventId: LcVHuQ0AcjhmA5BtLQtza
[2022-02-13T12:44:19.152Z] received result for eventId: hZgp43hiImefYeckVMMuh
[2022-02-13T12:44:19.152Z] no more active events
[2022-02-13T12:44:19.152Z] received result for eventId: hZgp43hiImefYeckVMMuh
[2022-02-13T12:44:19.152Z] no handler for eventId: hZgp43hiImefYeckVMMuh
[2022-02-13T12:44:19.326Z] received result for eventId: Ck-G_cHSlBOd_YixgDvRf
[2022-02-13T12:44:19.328Z] received result for eventId: Ck-G_cHSlBOd_YixgDvRf
[2022-02-13T12:44:19.328Z] no handler for eventId: Ck-G_cHSlBOd_YixgDvRf
[2022-02-13T12:44:19.330Z] received result for eventId: 4dxbSkWWJ8O9pYP7CFx5x
[2022-02-13T12:44:19.330Z] no more active events
[2022-02-13T12:44:19.330Z] received result for eventId: 4dxbSkWWJ8O9pYP7CFx5x
[2022-02-13T12:44:19.331Z] no handler for eventId: 4dxbSkWWJ8O9pYP7CFx5x
[2022-02-13T12:44:23.982Z] received result for eventId: mu91ttQl-v39Ue2Z4qmZ8
[2022-02-13T12:44:23.982Z] no more active events
[2022-02-13T12:44:23.983Z] received result for eventId: mu91ttQl-v39Ue2Z4qmZ8
[2022-02-13T12:44:23.983Z] no handler for eventId: mu91ttQl-v39Ue2Z4qmZ8
[2022-02-13T12:47:44.378Z] Starting...
[2022-02-13T12:47:44.383Z] Creating express app
[2022-02-13T12:47:44.383Z] Started
[2022-02-13T12:48:43.336Z] received result for eventId: f-bFNEHr8THwqq-M7vpI2
[2022-02-13T12:48:43.336Z] no more active events
[2022-02-13T12:48:43.337Z] received result for eventId: f-bFNEHr8THwqq-M7vpI2
[2022-02-13T12:48:43.337Z] no handler for eventId: f-bFNEHr8THwqq-M7vpI2
[2022-02-13T12:48:43.546Z] received result for eventId: IYfe5h-_JoL25R1rRRER5
[2022-02-13T12:48:43.546Z] no more active events
[2022-02-13T12:48:43.547Z] received result for eventId: IYfe5h-_JoL25R1rRRER5
[2022-02-13T12:48:43.547Z] no handler for eventId: IYfe5h-_JoL25R1rRRER5
[2022-02-13T12:48:50.655Z] received result for eventId: -oza-yKOb_FSV0zkvppxg
[2022-02-13T12:48:50.655Z] no more active events
[2022-02-13T12:48:50.656Z] received result for eventId: -oza-yKOb_FSV0zkvppxg
[2022-02-13T12:48:50.656Z] no handler for eventId: -oza-yKOb_FSV0zkvppxg
[2022-02-13T12:48:53.011Z] received result for eventId: x7rQqn6SSsvxjC4v8ZKYT
[2022-02-13T12:48:53.011Z] no more active events
[2022-02-13T12:48:53.012Z] received result for eventId: x7rQqn6SSsvxjC4v8ZKYT
[2022-02-13T12:48:53.012Z] no handler for eventId: x7rQqn6SSsvxjC4v8ZKYT
[2022-02-13T12:49:23.639Z] received result for eventId: y9ebdtUzJSuj5D6agV5PG
[2022-02-13T12:49:23.639Z] no more active events
[2022-02-13T12:49:23.640Z] received result for eventId: y9ebdtUzJSuj5D6agV5PG
[2022-02-13T12:49:23.640Z] no handler for eventId: y9ebdtUzJSuj5D6agV5PG
[2022-02-13T12:49:23.835Z] received result for eventId: 0QmRmtwHnCmo9AQrzNrTf
[2022-02-13T12:49:23.835Z] no more active events
[2022-02-13T12:49:23.836Z] received result for eventId: 0QmRmtwHnCmo9AQrzNrTf
[2022-02-13T12:49:23.836Z] no handler for eventId: 0QmRmtwHnCmo9AQrzNrTf
[2022-02-13T12:49:24.000Z] received result for eventId: yg7J9s6QXIkXlrNKDkoR3
[2022-02-13T12:49:24.000Z] no more active events
[2022-02-13T12:49:24.001Z] received result for eventId: yg7J9s6QXIkXlrNKDkoR3
[2022-02-13T12:49:24.001Z] no handler for eventId: yg7J9s6QXIkXlrNKDkoR3
[2022-02-13T12:50:14.909Z] Starting...
[2022-02-13T12:50:14.913Z] Creating express app
[2022-02-13T12:50:14.914Z] Started
[2022-02-13T12:50:16.825Z] received result for eventId: r7LgHV85t2SJZ45ep5f-w
[2022-02-13T12:50:16.825Z] no more active events
[2022-02-13T12:50:16.825Z] received result for eventId: r7LgHV85t2SJZ45ep5f-w
[2022-02-13T12:50:16.826Z] no handler for eventId: r7LgHV85t2SJZ45ep5f-w
[2022-02-13T12:50:17.050Z] received result for eventId: vTK3gPJ8pQQqbguGQ4jfh
[2022-02-13T12:50:17.050Z] no more active events
[2022-02-13T12:50:17.050Z] received result for eventId: vTK3gPJ8pQQqbguGQ4jfh
[2022-02-13T12:50:17.051Z] no handler for eventId: vTK3gPJ8pQQqbguGQ4jfh
[2022-02-13T12:50:23.396Z] received result for eventId: j8kKiyvgeqiemI6rWIPcy
[2022-02-13T12:50:23.396Z] no more active events
[2022-02-13T12:50:23.397Z] received result for eventId: j8kKiyvgeqiemI6rWIPcy
[2022-02-13T12:50:23.398Z] no handler for eventId: j8kKiyvgeqiemI6rWIPcy
[2022-02-13T12:50:25.879Z] received result for eventId: f6xbobMHtgHZezvJMht0h
[2022-02-13T12:50:25.880Z] no more active events
[2022-02-13T12:50:25.880Z] received result for eventId: f6xbobMHtgHZezvJMht0h
[2022-02-13T12:50:25.881Z] no handler for eventId: f6xbobMHtgHZezvJMht0h
[2022-02-13T12:52:35.131Z] received result for eventId: nzL3-xs0bg9UFFqNwFpT_
[2022-02-13T12:52:35.166Z] no more active events
[2022-02-13T12:52:35.197Z] received result for eventId: nzL3-xs0bg9UFFqNwFpT_
[2022-02-13T12:52:35.197Z] no handler for eventId: nzL3-xs0bg9UFFqNwFpT_
[2022-02-13T12:52:35.454Z] received result for eventId: J95FWHMA4Y43EPzC0APE0
[2022-02-13T12:52:35.454Z] no more active events
[2022-02-13T12:52:35.455Z] received result for eventId: J95FWHMA4Y43EPzC0APE0
[2022-02-13T12:52:35.455Z] no handler for eventId: J95FWHMA4Y43EPzC0APE0
[2022-02-13T12:52:35.622Z] received result for eventId: BiByYjXkJ5PlFP9droVkl
[2022-02-13T12:52:35.622Z] no more active events
[2022-02-13T12:52:35.623Z] received result for eventId: BiByYjXkJ5PlFP9droVkl
[2022-02-13T12:52:35.623Z] no handler for eventId: BiByYjXkJ5PlFP9droVkl
[2022-02-13T12:52:42.486Z] received result for eventId: 1bc4LTczB4mG7eYxeBw93
[2022-02-13T12:52:42.486Z] no more active events
[2022-02-13T12:52:42.486Z] received result for eventId: 1bc4LTczB4mG7eYxeBw93
[2022-02-13T12:52:42.487Z] no handler for eventId: 1bc4LTczB4mG7eYxeBw93
