[2022-02-14T12:30:15.965Z] latest: Pulling from amazon/dynamodb-local
[2022-02-14T12:30:16.352Z] Digest: sha256:07e740ad576acdcfdc48676f9a153a93a8e35436ea36942d4c14939caeca8851
[2022-02-14T12:30:16.370Z] Status: Image is up to date for amazon/dynamodb-local:latest
[2022-02-14T12:30:16.452Z] docker.io/amazon/dynamodb-local:latest
[2022-02-14T12:30:16.506Z] Stopping container local-stack-f3f1d1c1d348437993bae29018ddb70bd8273a3372157ccb90c9dd1430ecaab4...
[2022-02-14T12:30:16.506Z] Executing: docker container stop local-stack-f3f1d1c1d348437993bae29018ddb70bd8273a3372157ccb90c9dd1430ecaab4 with options: undefined
[2022-02-14T12:30:16.621Z] local-stack-f3f1d1c1d348437993bae29018ddb70bd8273a3372157ccb90c9dd1430ecaab4
[2022-02-14T12:30:16.637Z] Container local-stack-f3f1d1c1d348437993bae29018ddb70bd8273a3372157ccb90c9dd1430ecaab4 stopped successfully
[2022-02-14T12:30:16.637Z] Executing: docker container rm local-stack-f3f1d1c1d348437993bae29018ddb70bd8273a3372157ccb90c9dd1430ecaab4 with options: undefined
[2022-02-14T12:30:16.886Z] local-stack-f3f1d1c1d348437993bae29018ddb70bd8273a3372157ccb90c9dd1430ecaab4
[2022-02-14T12:30:16.942Z] Container local-stack-f3f1d1c1d348437993bae29018ddb70bd8273a3372157ccb90c9dd1430ecaab4 removed successfully
[2022-02-14T12:30:16.943Z] Starting container amazon/dynamodb-local (docker run -p 8000:8000 -v /Users/jappy/code/bobs-bedtime-stories/infrastructure/local/storage/dynamoDB:/home/dynamodblocal/data --name local-stack-f3f1d1c1d348437993bae29018ddb70bd8273a3372157ccb90c9dd1430ecaab4 amazon/dynamodb-local -jar DynamoDBLocal.jar -sharedDb -dbPath /home/dynamodblocal/data/)
[2022-02-14T12:30:21.348Z] All Containers started successfully
[2022-02-14T12:30:22.377Z] Create or update table books...
[2022-02-14T12:30:22.377Z] Setting environment variable DYNAMO_TABLE_books to books
[2022-02-14T12:30:22.378Z] Create or update table stories...
[2022-02-14T12:30:22.379Z] Setting environment variable DYNAMO_TABLE_stories to stories
[2022-02-14T12:30:22.399Z] ResourceNotFoundException: Cannot do operations on a non-existent table
[2022-02-14T12:30:22.400Z] Create table stories...
[2022-02-14T12:30:22.402Z] ResourceNotFoundException: Cannot do operations on a non-existent table
[2022-02-14T12:30:22.402Z] Create table books...
[2022-02-14T12:30:22.478Z] Created table stories
[2022-02-14T12:30:22.479Z] Created table books
[2022-02-14T16:25:29.628Z] Starting containers...
[2022-02-14T16:25:29.629Z] Executing: docker pull amazon/dynamodb-local with options: undefined
[2022-02-14T16:25:29.833Z] Using default tag: latest
[2022-02-14T16:25:31.810Z] latest: Pulling from amazon/dynamodb-local
[2022-02-14T16:25:32.183Z] Digest: sha256:07e740ad576acdcfdc48676f9a153a93a8e35436ea36942d4c14939caeca8851
[2022-02-14T16:25:32.183Z] Status: Image is up to date for amazon/dynamodb-local:latest
[2022-02-14T16:25:32.270Z] docker.io/amazon/dynamodb-local:latest
[2022-02-14T16:25:32.295Z] Stopping container local-stack-f3f1d1c1d348437993bae29018ddb70bd8273a3372157ccb90c9dd1430ecaab4...
[2022-02-14T16:25:32.295Z] Executing: docker container stop local-stack-f3f1d1c1d348437993bae29018ddb70bd8273a3372157ccb90c9dd1430ecaab4 with options: undefined
[2022-02-14T16:25:32.412Z] local-stack-f3f1d1c1d348437993bae29018ddb70bd8273a3372157ccb90c9dd1430ecaab4
[2022-02-14T16:25:32.432Z] Container local-stack-f3f1d1c1d348437993bae29018ddb70bd8273a3372157ccb90c9dd1430ecaab4 stopped successfully
[2022-02-14T16:25:32.433Z] Executing: docker container rm local-stack-f3f1d1c1d348437993bae29018ddb70bd8273a3372157ccb90c9dd1430ecaab4 with options: undefined
[2022-02-14T16:25:32.730Z] local-stack-f3f1d1c1d348437993bae29018ddb70bd8273a3372157ccb90c9dd1430ecaab4
[2022-02-14T16:25:32.757Z] Container local-stack-f3f1d1c1d348437993bae29018ddb70bd8273a3372157ccb90c9dd1430ecaab4 removed successfully
[2022-02-14T16:25:32.772Z] Starting container amazon/dynamodb-local (docker run -p 8000:8000 -v /Users/jappy/code/bobs-bedtime-stories/infrastructure/local/storage/dynamoDB:/home/dynamodblocal/data --name local-stack-f3f1d1c1d348437993bae29018ddb70bd8273a3372157ccb90c9dd1430ecaab4 amazon/dynamodb-local -jar DynamoDBLocal.jar -sharedDb -dbPath /home/dynamodblocal/data/)
[2022-02-14T16:25:36.059Z] All Containers started successfully
[2022-02-14T16:25:38.676Z] Create or update table books...
[2022-02-14T16:25:38.676Z] Setting environment variable DYNAMO_TABLE_books to books
[2022-02-14T16:25:38.677Z] Create or update table stories...
[2022-02-14T16:25:38.677Z] Setting environment variable DYNAMO_TABLE_stories to stories
[2022-02-14T16:25:38.699Z] ResourceNotFoundException: Cannot do operations on a non-existent table
[2022-02-14T16:25:38.699Z] Create table books...
[2022-02-14T16:25:38.701Z] ResourceNotFoundException: Cannot do operations on a non-existent table
[2022-02-14T16:25:38.702Z] Create table stories...
[2022-02-14T16:25:38.781Z] Created table stories
[2022-02-14T16:25:38.781Z] Created table books
[2022-02-14T16:55:07.828Z] Starting containers...
[2022-02-14T16:55:07.829Z] Executing: docker pull amazon/dynamodb-local with options: undefined
[2022-02-14T16:55:07.935Z] Using default tag: latest
[2022-02-14T16:55:09.974Z] latest: Pulling from amazon/dynamodb-local
[2022-02-14T16:55:10.139Z] Digest: sha256:07e740ad576acdcfdc48676f9a153a93a8e35436ea36942d4c14939caeca8851
[2022-02-14T16:55:10.139Z] Status: Image is up to date for amazon/dynamodb-local:latest
[2022-02-14T16:55:10.181Z] docker.io/amazon/dynamodb-local:latest
[2022-02-14T16:55:10.196Z] Stopping container local-stack-f3f1d1c1d348437993bae29018ddb70bd8273a3372157ccb90c9dd1430ecaab4...
[2022-02-14T16:55:10.196Z] Executing: docker container stop local-stack-f3f1d1c1d348437993bae29018ddb70bd8273a3372157ccb90c9dd1430ecaab4 with options: undefined
[2022-02-14T16:55:10.354Z] local-stack-f3f1d1c1d348437993bae29018ddb70bd8273a3372157ccb90c9dd1430ecaab4
[2022-02-14T16:55:10.395Z] Container local-stack-f3f1d1c1d348437993bae29018ddb70bd8273a3372157ccb90c9dd1430ecaab4 stopped successfully
[2022-02-14T16:55:10.412Z] Executing: docker container rm local-stack-f3f1d1c1d348437993bae29018ddb70bd8273a3372157ccb90c9dd1430ecaab4 with options: undefined
[2022-02-14T16:55:10.602Z] local-stack-f3f1d1c1d348437993bae29018ddb70bd8273a3372157ccb90c9dd1430ecaab4
[2022-02-14T16:55:10.655Z] Container local-stack-f3f1d1c1d348437993bae29018ddb70bd8273a3372157ccb90c9dd1430ecaab4 removed successfully
[2022-02-14T16:55:10.656Z] Starting container amazon/dynamodb-local (docker run -p 8000:8000 -v /Users/jappy/code/bobs-bedtime-stories/infrastructure/local/storage/dynamoDB:/home/dynamodblocal/data --name local-stack-f3f1d1c1d348437993bae29018ddb70bd8273a3372157ccb90c9dd1430ecaab4 amazon/dynamodb-local -jar DynamoDBLocal.jar -sharedDb -dbPath /home/dynamodblocal/data/)
[2022-02-14T16:55:15.341Z] All Containers started successfully
[2022-02-14T16:55:16.649Z] Create or update table books...
[2022-02-14T16:55:16.649Z] Setting environment variable DYNAMO_TABLE_books to books
[2022-02-14T16:55:16.650Z] Create or update table stories...
[2022-02-14T16:55:16.650Z] Setting environment variable DYNAMO_TABLE_stories to stories
[2022-02-14T16:55:16.674Z] ResourceNotFoundException: Cannot do operations on a non-existent table
[2022-02-14T16:55:16.674Z] Create table books...
[2022-02-14T16:55:16.677Z] ResourceNotFoundException: Cannot do operations on a non-existent table
[2022-02-14T16:55:16.677Z] Create table stories...
[2022-02-14T16:55:16.766Z] Created table books
[2022-02-14T16:55:16.767Z] Created table stories
[2022-02-14T17:03:11.797Z] Starting containers...
[2022-02-14T17:03:11.798Z] Executing: docker pull amazon/dynamodb-local with options: undefined
[2022-02-14T17:03:11.903Z] Using default tag: latest
[2022-02-14T17:03:13.582Z] latest: Pulling from amazon/dynamodb-local
[2022-02-14T17:03:14.006Z] Digest: sha256:07e740ad576acdcfdc48676f9a153a93a8e35436ea36942d4c14939caeca8851
[2022-02-14T17:03:14.040Z] Status: Image is up to date for amazon/dynamodb-local:latest
[2022-02-14T17:03:14.109Z] docker.io/amazon/dynamodb-local:latest
[2022-02-14T17:03:14.162Z] Stopping container local-stack-f3f1d1c1d348437993bae29018ddb70bd8273a3372157ccb90c9dd1430ecaab4...
[2022-02-14T17:03:14.162Z] Executing: docker container stop local-stack-f3f1d1c1d348437993bae29018ddb70bd8273a3372157ccb90c9dd1430ecaab4 with options: undefined
[2022-02-14T17:03:14.277Z] local-stack-f3f1d1c1d348437993bae29018ddb70bd8273a3372157ccb90c9dd1430ecaab4
[2022-02-14T17:03:14.293Z] Container local-stack-f3f1d1c1d348437993bae29018ddb70bd8273a3372157ccb90c9dd1430ecaab4 stopped successfully
[2022-02-14T17:03:14.293Z] Executing: docker container rm local-stack-f3f1d1c1d348437993bae29018ddb70bd8273a3372157ccb90c9dd1430ecaab4 with options: undefined
[2022-02-14T17:03:14.513Z] local-stack-f3f1d1c1d348437993bae29018ddb70bd8273a3372157ccb90c9dd1430ecaab4
[2022-02-14T17:03:14.558Z] Container local-stack-f3f1d1c1d348437993bae29018ddb70bd8273a3372157ccb90c9dd1430ecaab4 removed successfully
[2022-02-14T17:03:14.575Z] Starting container amazon/dynamodb-local (docker run -p 8000:8000 -v /Users/jappy/code/bobs-bedtime-stories/infrastructure/local/storage/dynamoDB:/home/dynamodblocal/data --name local-stack-f3f1d1c1d348437993bae29018ddb70bd8273a3372157ccb90c9dd1430ecaab4 amazon/dynamodb-local -jar DynamoDBLocal.jar -sharedDb -dbPath /home/dynamodblocal/data/)
[2022-02-14T17:03:18.699Z] All Containers started successfully
[2022-02-14T17:03:20.579Z] Create or update table books...
[2022-02-14T17:03:20.579Z] Setting environment variable DYNAMO_TABLE_books to books
[2022-02-14T17:03:20.580Z] Create or update table stories...
[2022-02-14T17:03:20.580Z] Setting environment variable DYNAMO_TABLE_stories to stories
[2022-02-14T17:03:20.602Z] ResourceNotFoundException: Cannot do operations on a non-existent table
[2022-02-14T17:03:20.602Z] Create table books...
[2022-02-14T17:03:20.604Z] ResourceNotFoundException: Cannot do operations on a non-existent table
[2022-02-14T17:03:20.605Z] Create table stories...
[2022-02-14T17:03:20.696Z] Created table books
[2022-02-14T17:03:20.696Z] Created table stories
[2022-02-14T17:53:31.011Z] Starting containers...
[2022-02-14T17:53:31.025Z] Executing: docker pull amazon/dynamodb-local with options: undefined
[2022-02-14T17:53:31.123Z] Using default tag: latest
[2022-02-14T17:53:32.842Z] latest: Pulling from amazon/dynamodb-local
[2022-02-14T17:53:33.113Z] Digest: sha256:07e740ad576acdcfdc48676f9a153a93a8e35436ea36942d4c14939caeca8851
[2022-02-14T17:53:33.129Z] Status: Image is up to date for amazon/dynamodb-local:latest
[2022-02-14T17:53:33.258Z] docker.io/amazon/dynamodb-local:latest
[2022-02-14T17:53:33.333Z] Stopping container local-stack-f3f1d1c1d348437993bae29018ddb70bd8273a3372157ccb90c9dd1430ecaab4...
[2022-02-14T17:53:33.333Z] Executing: docker container stop local-stack-f3f1d1c1d348437993bae29018ddb70bd8273a3372157ccb90c9dd1430ecaab4 with options: undefined
[2022-02-14T17:53:33.462Z] local-stack-f3f1d1c1d348437993bae29018ddb70bd8273a3372157ccb90c9dd1430ecaab4
[2022-02-14T17:53:33.478Z] Container local-stack-f3f1d1c1d348437993bae29018ddb70bd8273a3372157ccb90c9dd1430ecaab4 stopped successfully
[2022-02-14T17:53:33.478Z] Executing: docker container rm local-stack-f3f1d1c1d348437993bae29018ddb70bd8273a3372157ccb90c9dd1430ecaab4 with options: undefined
[2022-02-14T17:53:33.665Z] local-stack-f3f1d1c1d348437993bae29018ddb70bd8273a3372157ccb90c9dd1430ecaab4
[2022-02-14T17:53:33.698Z] Container local-stack-f3f1d1c1d348437993bae29018ddb70bd8273a3372157ccb90c9dd1430ecaab4 removed successfully
[2022-02-14T17:53:33.716Z] Starting container amazon/dynamodb-local (docker run -p 8000:8000 -v /Users/jappy/code/bobs-bedtime-stories/infrastructure/local/storage/dynamoDB:/home/dynamodblocal/data --name local-stack-f3f1d1c1d348437993bae29018ddb70bd8273a3372157ccb90c9dd1430ecaab4 amazon/dynamodb-local -jar DynamoDBLocal.jar -sharedDb -dbPath /home/dynamodblocal/data/)
[2022-02-14T17:53:38.123Z] All Containers started successfully
[2022-02-14T17:53:40.136Z] Create or update table books...
[2022-02-14T17:53:40.136Z] Setting environment variable DYNAMO_TABLE_books to books
[2022-02-14T17:53:40.137Z] Create or update table stories...
[2022-02-14T17:53:40.137Z] Setting environment variable DYNAMO_TABLE_stories to stories
[2022-02-14T17:53:40.161Z] ResourceNotFoundException: Cannot do operations on a non-existent table
[2022-02-14T17:53:40.162Z] Create table books...
[2022-02-14T17:53:40.164Z] ResourceNotFoundException: Cannot do operations on a non-existent table
[2022-02-14T17:53:40.164Z] Create table stories...
[2022-02-14T17:53:40.247Z] Created table books
[2022-02-14T17:53:40.248Z] Created table stories
[2022-02-14T18:24:53.629Z] Starting containers...
[2022-02-14T18:24:53.631Z] Executing: docker pull amazon/dynamodb-local with options: undefined
[2022-02-14T18:24:53.808Z] Using default tag: latest
[2022-02-14T18:24:55.667Z] latest: Pulling from amazon/dynamodb-local
[2022-02-14T18:24:55.969Z] Digest: sha256:07e740ad576acdcfdc48676f9a153a93a8e35436ea36942d4c14939caeca8851
[2022-02-14T18:24:55.988Z] Status: Image is up to date for amazon/dynamodb-local:latest
[2022-02-14T18:24:56.101Z] docker.io/amazon/dynamodb-local:latest
[2022-02-14T18:24:56.140Z] Stopping container local-stack-f3f1d1c1d348437993bae29018ddb70bd8273a3372157ccb90c9dd1430ecaab4...
[2022-02-14T18:24:56.159Z] Executing: docker container stop local-stack-f3f1d1c1d348437993bae29018ddb70bd8273a3372157ccb90c9dd1430ecaab4 with options: undefined
[2022-02-14T18:24:56.274Z] local-stack-f3f1d1c1d348437993bae29018ddb70bd8273a3372157ccb90c9dd1430ecaab4
[2022-02-14T18:24:56.291Z] Container local-stack-f3f1d1c1d348437993bae29018ddb70bd8273a3372157ccb90c9dd1430ecaab4 stopped successfully
[2022-02-14T18:24:56.291Z] Executing: docker container rm local-stack-f3f1d1c1d348437993bae29018ddb70bd8273a3372157ccb90c9dd1430ecaab4 with options: undefined
[2022-02-14T18:24:56.553Z] local-stack-f3f1d1c1d348437993bae29018ddb70bd8273a3372157ccb90c9dd1430ecaab4
[2022-02-14T18:24:56.602Z] Container local-stack-f3f1d1c1d348437993bae29018ddb70bd8273a3372157ccb90c9dd1430ecaab4 removed successfully
[2022-02-14T18:24:56.603Z] Starting container amazon/dynamodb-local (docker run -p 8000:8000 -v /Users/jappy/code/bobs-bedtime-stories/infrastructure/local/storage/dynamoDB:/home/dynamodblocal/data --name local-stack-f3f1d1c1d348437993bae29018ddb70bd8273a3372157ccb90c9dd1430ecaab4 amazon/dynamodb-local -jar DynamoDBLocal.jar -sharedDb -dbPath /home/dynamodblocal/data/)
[2022-02-14T18:25:00.054Z] All Containers started successfully
[2022-02-14T18:25:02.855Z] Create or update table books...
[2022-02-14T18:25:02.855Z] Setting environment variable DYNAMO_TABLE_books to books
[2022-02-14T18:25:02.856Z] Create or update table stories...
[2022-02-14T18:25:02.856Z] Setting environment variable DYNAMO_TABLE_stories to stories
[2022-02-14T18:25:02.879Z] ResourceNotFoundException: Cannot do operations on a non-existent table
[2022-02-14T18:25:02.879Z] Create table stories...
[2022-02-14T18:25:02.882Z] ResourceNotFoundException: Cannot do operations on a non-existent table
[2022-02-14T18:25:02.882Z] Create table books...
[2022-02-14T18:25:02.965Z] Created table stories
[2022-02-14T18:25:02.965Z] Created table books
[2022-02-14T20:15:04.120Z] Starting containers...
[2022-02-14T20:15:04.121Z] Executing: docker pull amazon/dynamodb-local with options: undefined
[2022-02-14T20:15:04.288Z] Using default tag: latest
[2022-02-14T20:15:06.064Z] latest: Pulling from amazon/dynamodb-local
[2022-02-14T20:15:06.311Z] Digest: sha256:07e740ad576acdcfdc48676f9a153a93a8e35436ea36942d4c14939caeca8851
[2022-02-14T20:15:06.329Z] Status: Image is up to date for amazon/dynamodb-local:latest
[2022-02-14T20:15:06.439Z] docker.io/amazon/dynamodb-local:latest
[2022-02-14T20:15:06.507Z] Stopping container local-stack-f3f1d1c1d348437993bae29018ddb70bd8273a3372157ccb90c9dd1430ecaab4...
[2022-02-14T20:15:06.507Z] Executing: docker container stop local-stack-f3f1d1c1d348437993bae29018ddb70bd8273a3372157ccb90c9dd1430ecaab4 with options: undefined
[2022-02-14T20:15:06.623Z] local-stack-f3f1d1c1d348437993bae29018ddb70bd8273a3372157ccb90c9dd1430ecaab4
[2022-02-14T20:15:06.639Z] Container local-stack-f3f1d1c1d348437993bae29018ddb70bd8273a3372157ccb90c9dd1430ecaab4 stopped successfully
[2022-02-14T20:15:06.639Z] Executing: docker container rm local-stack-f3f1d1c1d348437993bae29018ddb70bd8273a3372157ccb90c9dd1430ecaab4 with options: undefined
[2022-02-14T20:15:06.830Z] local-stack-f3f1d1c1d348437993bae29018ddb70bd8273a3372157ccb90c9dd1430ecaab4
[2022-02-14T20:15:06.883Z] Container local-stack-f3f1d1c1d348437993bae29018ddb70bd8273a3372157ccb90c9dd1430ecaab4 removed successfully
[2022-02-14T20:15:06.885Z] Starting container amazon/dynamodb-local (docker run -p 8000:8000 -v /Users/jappy/code/bobs-bedtime-stories/infrastructure/local/storage/dynamoDB:/home/dynamodblocal/data --name local-stack-f3f1d1c1d348437993bae29018ddb70bd8273a3372157ccb90c9dd1430ecaab4 amazon/dynamodb-local -jar DynamoDBLocal.jar -sharedDb -dbPath /home/dynamodblocal/data/)
[2022-02-14T20:15:10.068Z] All Containers started successfully
[2022-02-14T20:15:13.346Z] Create or update table books...
[2022-02-14T20:15:13.346Z] Setting environment variable DYNAMO_TABLE_books to books
[2022-02-14T20:15:13.347Z] Create or update table stories...
[2022-02-14T20:15:13.347Z] Setting environment variable DYNAMO_TABLE_stories to stories
[2022-02-14T20:15:13.371Z] ResourceNotFoundException: Cannot do operations on a non-existent table
[2022-02-14T20:15:13.371Z] Create table books...
[2022-02-14T20:15:13.374Z] ResourceNotFoundException: Cannot do operations on a non-existent table
[2022-02-14T20:15:13.374Z] Create table stories...
[2022-02-14T20:15:13.459Z] Created table books
[2022-02-14T20:15:13.460Z] Created table stories
[2022-02-14T20:21:08.604Z] Starting containers...
[2022-02-14T20:21:08.618Z] Executing: docker pull amazon/dynamodb-local with options: undefined
[2022-02-14T20:21:08.791Z] Using default tag: latest
[2022-02-14T20:21:10.551Z] latest: Pulling from amazon/dynamodb-local
[2022-02-14T20:21:10.923Z] Digest: sha256:07e740ad576acdcfdc48676f9a153a93a8e35436ea36942d4c14939caeca8851
[2022-02-14T20:21:10.941Z] Status: Image is up to date for amazon/dynamodb-local:latest
[2022-02-14T20:21:11.056Z] docker.io/amazon/dynamodb-local:latest
[2022-02-14T20:21:11.109Z] Stopping container local-stack-f3f1d1c1d348437993bae29018ddb70bd8273a3372157ccb90c9dd1430ecaab4...
[2022-02-14T20:21:11.109Z] Executing: docker container stop local-stack-f3f1d1c1d348437993bae29018ddb70bd8273a3372157ccb90c9dd1430ecaab4 with options: undefined
[2022-02-14T20:21:11.215Z] local-stack-f3f1d1c1d348437993bae29018ddb70bd8273a3372157ccb90c9dd1430ecaab4
[2022-02-14T20:21:11.231Z] Container local-stack-f3f1d1c1d348437993bae29018ddb70bd8273a3372157ccb90c9dd1430ecaab4 stopped successfully
[2022-02-14T20:21:11.231Z] Executing: docker container rm local-stack-f3f1d1c1d348437993bae29018ddb70bd8273a3372157ccb90c9dd1430ecaab4 with options: undefined
[2022-02-14T20:21:11.501Z] local-stack-f3f1d1c1d348437993bae29018ddb70bd8273a3372157ccb90c9dd1430ecaab4
[2022-02-14T20:21:11.549Z] Container local-stack-f3f1d1c1d348437993bae29018ddb70bd8273a3372157ccb90c9dd1430ecaab4 removed successfully
[2022-02-14T20:21:11.550Z] Starting container amazon/dynamodb-local (docker run -p 8000:8000 -v /Users/jappy/code/bobs-bedtime-stories/infrastructure/local/storage/dynamoDB:/home/dynamodblocal/data --name local-stack-f3f1d1c1d348437993bae29018ddb70bd8273a3372157ccb90c9dd1430ecaab4 amazon/dynamodb-local -jar DynamoDBLocal.jar -sharedDb -dbPath /home/dynamodblocal/data/)
[2022-02-14T20:21:16.795Z] All Containers started successfully
[2022-02-14T20:21:17.851Z] Create or update table books...
[2022-02-14T20:21:17.852Z] Setting environment variable DYNAMO_TABLE_books to books
[2022-02-14T20:21:17.854Z] Create or update table stories...
[2022-02-14T20:21:17.854Z] Setting environment variable DYNAMO_TABLE_stories to stories
[2022-02-14T20:21:17.891Z] ResourceNotFoundException: Cannot do operations on a non-existent table
[2022-02-14T20:21:17.891Z] Create table stories...
[2022-02-14T20:21:17.895Z] ResourceNotFoundException: Cannot do operations on a non-existent table
[2022-02-14T20:21:17.895Z] Create table books...
[2022-02-14T20:21:17.981Z] Created table books
[2022-02-14T20:21:17.982Z] Created table stories
