[2022-02-12T21:50:44.876Z] Starting...
[2022-02-12T21:50:44.880Z] Waiting for GUI to start...
[2022-02-12T21:50:45.066Z] [90m  database endpoint: 	http://localhost:8000[39m
[2022-02-12T21:50:45.066Z] [90m  region: 		eu-central-1[39m
[2022-02-12T21:50:45.066Z] [90m  accessKey: 		fakeMyKeyId
[2022-02-12T21:50:45.066Z] [39m
[2022-02-12T21:50:45.071Z]   dynamodb-admin listening on http://localhost:8001 (alternatively http://0.0.0.0:8001)
[2022-02-12T21:50:45.948Z] Started
[2022-02-12T21:51:41.683Z] Stopping...
[2022-02-12T21:55:44.863Z] Starting...
[2022-02-12T21:55:44.868Z] Waiting for GUI to start...
[2022-02-12T21:55:45.021Z] [90m  database endpoint: 	http://localhost:8000[39m
[2022-02-12T21:55:45.022Z] [90m  region: 		eu-central-1[39m
[2022-02-12T21:55:45.022Z] [90m  accessKey: 		fakeMyKeyId
[2022-02-12T21:55:45.022Z] [39m
[2022-02-12T21:55:45.026Z]   dynamodb-admin listening on http://localhost:8001 (alternatively http://0.0.0.0:8001)
[2022-02-12T21:55:45.930Z] Started
[2022-02-12T21:56:15.865Z] Stopping...
[2022-02-12T21:57:40.701Z] Starting...
[2022-02-12T21:57:40.706Z] Waiting for GUI to start...
[2022-02-12T21:57:40.850Z] [90m  database endpoint: 	http://localhost:8000[39m
[2022-02-12T21:57:40.851Z] [90m  region: 		eu-central-1[39m
[2022-02-12T21:57:40.851Z] [90m  accessKey: 		fakeMyKeyId
[2022-02-12T21:57:40.851Z] [39m
[2022-02-12T21:57:40.855Z]   dynamodb-admin listening on http://localhost:8001 (alternatively http://0.0.0.0:8001)
[2022-02-12T21:57:41.768Z] Started
[2022-02-12T21:59:05.153Z] Stopping...
[2022-02-12T22:02:37.551Z] Starting...
[2022-02-12T22:02:37.570Z] Waiting for GUI to start...
[2022-02-12T22:02:37.751Z] [90m  database endpoint: 	http://localhost:8000[39m
[2022-02-12T22:02:37.752Z] [90m  region: 		eu-central-1[39m
[2022-02-12T22:02:37.752Z] [90m  accessKey: 		fakeMyKeyId
[2022-02-12T22:02:37.752Z] [39m
[2022-02-12T22:02:37.757Z]   dynamodb-admin listening on http://localhost:8001 (alternatively http://0.0.0.0:8001)
[2022-02-12T22:02:38.642Z] Started
[2022-02-12T22:03:12.366Z] Stopping...
[2022-02-12T22:05:24.113Z] Starting...
[2022-02-12T22:05:24.117Z] Waiting for GUI to start...
[2022-02-12T22:05:24.266Z] [90m  database endpoint: 	http://localhost:8000[39m
[2022-02-12T22:05:24.266Z] [90m  region: 		eu-central-1[39m
[2022-02-12T22:05:24.266Z] [90m  accessKey: 		fakeMyKeyId
[2022-02-12T22:05:24.266Z] [39m
[2022-02-12T22:05:24.271Z]   dynamodb-admin listening on http://localhost:8001 (alternatively http://0.0.0.0:8001)
[2022-02-12T22:05:25.186Z] Started
[2022-02-12T22:06:20.813Z] Stopping...
[2022-02-12T22:07:16.846Z] Starting...
[2022-02-12T22:07:16.850Z] Waiting for GUI to start...
[2022-02-12T22:07:16.999Z] [90m  database endpoint: 	http://localhost:8000[39m
[2022-02-12T22:07:16.999Z] [90m  region: 		eu-central-1[39m
[2022-02-12T22:07:17.000Z] [90m  accessKey: 		fakeMyKeyId
[2022-02-12T22:07:17.000Z] [39m
[2022-02-12T22:07:17.004Z]   dynamodb-admin listening on http://localhost:8001 (alternatively http://0.0.0.0:8001)
[2022-02-12T22:07:17.875Z] Started
[2022-02-12T22:08:04.799Z] Stopping...
[2022-02-12T22:08:59.530Z] Starting...
[2022-02-12T22:08:59.536Z] Waiting for GUI to start...
[2022-02-12T22:08:59.681Z] [90m  database endpoint: 	http://localhost:8000[39m
[2022-02-12T22:08:59.682Z] [90m  region: 		eu-central-1[39m
[2022-02-12T22:08:59.682Z] [90m  accessKey: 		fakeMyKeyId
[2022-02-12T22:08:59.682Z] [39m
[2022-02-12T22:08:59.687Z]   dynamodb-admin listening on http://localhost:8001 (alternatively http://0.0.0.0:8001)
[2022-02-12T22:09:00.565Z] Started
[2022-02-12T22:09:24.309Z] Stopping...
[2022-02-12T22:11:05.395Z] Starting...
[2022-02-12T22:11:05.412Z] Waiting for GUI to start...
[2022-02-12T22:11:05.693Z] [90m  database endpoint: 	http://localhost:8000[39m
[2022-02-12T22:11:05.693Z] [90m  region: 		eu-central-1[39m
[2022-02-12T22:11:05.694Z] [90m  accessKey: 		fakeMyKeyId
[2022-02-12T22:11:05.694Z] [39m
[2022-02-12T22:11:05.700Z]   dynamodb-admin listening on http://localhost:8001 (alternatively http://0.0.0.0:8001)
[2022-02-12T22:11:06.437Z] Started
[2022-02-12T22:11:44.505Z] Stopping...
[2022-02-12T22:13:56.317Z] Starting...
[2022-02-12T22:13:56.327Z] Waiting for GUI to start...
[2022-02-12T22:13:56.558Z] [90m  database endpoint: 	http://localhost:8000[39m
[2022-02-12T22:13:56.558Z] [90m  region: 		eu-central-1[39m
[2022-02-12T22:13:56.559Z] [90m  accessKey: 		fakeMyKeyId
[2022-02-12T22:13:56.559Z] [39m
[2022-02-12T22:13:56.564Z]   dynamodb-admin listening on http://localhost:8001 (alternatively http://0.0.0.0:8001)
[2022-02-12T22:13:57.389Z] Started
[2022-02-12T22:17:22.669Z] Stopping...
[2022-02-12T22:17:29.387Z] Starting...
[2022-02-12T22:17:29.391Z] Waiting for GUI to start...
[2022-02-12T22:17:29.546Z] [90m  database endpoint: 	http://localhost:8000[39m
[2022-02-12T22:17:29.547Z] [90m  region: 		eu-central-1[39m
[2022-02-12T22:17:29.547Z] [90m  accessKey: 		fakeMyKeyId
[2022-02-12T22:17:29.547Z] [39m
[2022-02-12T22:17:29.552Z]   dynamodb-admin listening on http://localhost:8001 (alternatively http://0.0.0.0:8001)
[2022-02-12T22:17:30.419Z] Started
[2022-02-13T11:04:01.046Z] Stopping...
[2022-02-13T11:04:11.945Z] Starting...
[2022-02-13T11:04:11.954Z] Waiting for GUI to start...
[2022-02-13T11:04:12.107Z] [90m  database endpoint: 	http://localhost:8000[39m
[2022-02-13T11:04:12.109Z] [90m  region: 		eu-central-1[39m
[2022-02-13T11:04:12.109Z] [90m  accessKey: 		fakeMyKeyId
[2022-02-13T11:04:12.109Z] [39m
[2022-02-13T11:04:12.112Z]   dynamodb-admin listening on http://localhost:8001 (alternatively http://0.0.0.0:8001)
[2022-02-13T11:04:13.014Z] Started
[2022-02-13T12:35:58.072Z] Stopping...
[2022-02-13T12:36:05.839Z] Starting...
[2022-02-13T12:36:05.844Z] Waiting for GUI to start...
[2022-02-13T12:36:06.057Z] [90m  database endpoint: 	http://localhost:8000[39m
[2022-02-13T12:36:06.057Z] [90m  region: 		eu-central-1[39m
[2022-02-13T12:36:06.057Z] [90m  accessKey: 		fakeMyKeyId
[2022-02-13T12:36:06.058Z] [39m
[2022-02-13T12:36:06.063Z]   dynamodb-admin listening on http://localhost:8001 (alternatively http://0.0.0.0:8001)
[2022-02-13T12:36:06.866Z] Started
[2022-02-13T12:47:32.017Z] Stopping...
[2022-02-13T12:47:42.604Z] Starting...
[2022-02-13T12:47:42.610Z] Waiting for GUI to start...
[2022-02-13T12:47:42.778Z] [90m  database endpoint: 	http://localhost:8000[39m
[2022-02-13T12:47:42.778Z] [90m  region: 		eu-central-1[39m
[2022-02-13T12:47:42.778Z] [90m  accessKey: 		fakeMyKeyId
[2022-02-13T12:47:42.779Z] [39m
[2022-02-13T12:47:42.783Z]   dynamodb-admin listening on http://localhost:8001 (alternatively http://0.0.0.0:8001)
[2022-02-13T12:47:43.633Z] Started
[2022-02-13T12:49:52.811Z] Stopping...
[2022-02-13T12:50:10.964Z] Starting...
[2022-02-13T12:50:10.969Z] Waiting for GUI to start...
[2022-02-13T12:50:11.123Z] [90m  database endpoint: 	http://localhost:8000[39m
[2022-02-13T12:50:11.123Z] [90m  region: 		eu-central-1[39m
[2022-02-13T12:50:11.123Z] [90m  accessKey: 		fakeMyKeyId
[2022-02-13T12:50:11.123Z] [39m
[2022-02-13T12:50:11.128Z]   dynamodb-admin listening on http://localhost:8001 (alternatively http://0.0.0.0:8001)
[2022-02-13T12:50:11.993Z] Started
[2022-02-13T18:00:46.869Z] Stopping...
