[2022-02-14T12:30:16.283Z] Image pulled successfully
[2022-02-14T12:30:16.779Z] Waiting for container to be healthy...
[2022-02-14T12:30:17.337Z] WARNING: The requested image's platform (linux/amd64) does not match the detected host platform (linux/arm64/v8) and no specific platform was requested
[2022-02-14T12:30:17.791Z] Waiting for container to be healthy...
[2022-02-14T12:30:18.808Z] Waiting for container to be healthy...
[2022-02-14T12:30:19.821Z] Waiting for container to be healthy...
[2022-02-14T12:30:20.832Z] Waiting for container to be healthy...
[2022-02-14T12:30:21.336Z] The given SECRETS_MANAGER_PRELOAD_DIRECTORY (/secrets) does not exist
[2022-02-14T12:30:22.063Z] container started successfully
[2022-02-14T12:30:23.189Z] (node:48) [DEP0005] DeprecationWarning: Buffer() is deprecated due to security and usability issues. Please use the Buffer.alloc(), Buffer.allocUnsafe(), or Buffer.from() methods instead.
[2022-02-14T12:30:23.189Z] (Use `node --trace-deprecation ...` to show where the warning was created)
[2022-02-14T16:25:29.618Z] Starting container...
[2022-02-14T16:25:29.619Z] Pulling image skarpdev/aws-secrets-manager-emulator:v0.4.0...
[2022-02-14T16:25:32.111Z] Image pulled successfully
[2022-02-14T16:25:32.546Z] Waiting for container to be healthy...
[2022-02-14T16:25:33.192Z] WARNING: The requested image's platform (linux/amd64) does not match the detected host platform (linux/arm64/v8) and no specific platform was requested
[2022-02-14T16:25:33.548Z] Waiting for container to be healthy...
[2022-02-14T16:25:34.563Z] Waiting for container to be healthy...
[2022-02-14T16:25:35.570Z] Waiting for container to be healthy...
[2022-02-14T16:25:36.573Z] Waiting for container to be healthy...
[2022-02-14T16:25:37.444Z] The given SECRETS_MANAGER_PRELOAD_DIRECTORY (/secrets) does not exist
[2022-02-14T16:25:37.575Z] Waiting for container to be healthy...
[2022-02-14T16:25:38.675Z] container started successfully
[2022-02-14T16:25:39.375Z] (node:48) [DEP0005] DeprecationWarning: Buffer() is deprecated due to security and usability issues. Please use the Buffer.alloc(), Buffer.allocUnsafe(), or Buffer.from() methods instead.
[2022-02-14T16:25:39.375Z] (Use `node --trace-deprecation ...` to show where the warning was created)
[2022-02-14T16:55:07.819Z] Starting container...
[2022-02-14T16:55:07.820Z] Pulling image skarpdev/aws-secrets-manager-emulator:v0.4.0...
[2022-02-14T16:55:09.948Z] Image pulled successfully
[2022-02-14T16:55:10.443Z] Waiting for container to be healthy...
[2022-02-14T16:55:11.255Z] WARNING: The requested image's platform (linux/amd64) does not match the detected host platform (linux/arm64/v8) and no specific platform was requested
[2022-02-14T16:55:11.458Z] Waiting for container to be healthy...
[2022-02-14T16:55:12.467Z] Waiting for container to be healthy...
[2022-02-14T16:55:13.474Z] Waiting for container to be healthy...
[2022-02-14T16:55:14.481Z] Waiting for container to be healthy...
[2022-02-14T16:55:15.485Z] Waiting for container to be healthy...
[2022-02-14T16:55:15.566Z] The given SECRETS_MANAGER_PRELOAD_DIRECTORY (/secrets) does not exist
[2022-02-14T16:55:16.647Z] container started successfully
[2022-02-14T16:55:17.363Z] (node:49) [DEP0005] DeprecationWarning: Buffer() is deprecated due to security and usability issues. Please use the Buffer.alloc(), Buffer.allocUnsafe(), or Buffer.from() methods instead.
[2022-02-14T16:55:17.364Z] (Use `node --trace-deprecation ...` to show where the warning was created)
[2022-02-14T17:03:11.789Z] Starting container...
[2022-02-14T17:03:11.790Z] Pulling image skarpdev/aws-secrets-manager-emulator:v0.4.0...
[2022-02-14T17:03:13.992Z] Image pulled successfully
[2022-02-14T17:03:14.412Z] Waiting for container to be healthy...
[2022-02-14T17:03:15.050Z] WARNING: The requested image's platform (linux/amd64) does not match the detected host platform (linux/arm64/v8) and no specific platform was requested
[2022-02-14T17:03:15.415Z] Waiting for container to be healthy...
[2022-02-14T17:03:16.423Z] Waiting for container to be healthy...
[2022-02-14T17:03:17.429Z] Waiting for container to be healthy...
[2022-02-14T17:03:18.448Z] Waiting for container to be healthy...
[2022-02-14T17:03:19.303Z] The given SECRETS_MANAGER_PRELOAD_DIRECTORY (/secrets) does not exist
[2022-02-14T17:03:19.451Z] Waiting for container to be healthy...
[2022-02-14T17:03:20.577Z] container started successfully
[2022-02-14T17:03:20.987Z] (node:48) [DEP0005] DeprecationWarning: Buffer() is deprecated due to security and usability issues. Please use the Buffer.alloc(), Buffer.allocUnsafe(), or Buffer.from() methods instead.
[2022-02-14T17:03:20.988Z] (Use `node --trace-deprecation ...` to show where the warning was created)
[2022-02-14T17:53:30.986Z] Starting container...
[2022-02-14T17:53:30.987Z] Pulling image skarpdev/aws-secrets-manager-emulator:v0.4.0...
[2022-02-14T17:53:33.406Z] Image pulled successfully
[2022-02-14T17:53:33.854Z] Waiting for container to be healthy...
[2022-02-14T17:53:34.823Z] WARNING: The requested image's platform (linux/amd64) does not match the detected host platform (linux/arm64/v8) and no specific platform was requested
[2022-02-14T17:53:34.873Z] Waiting for container to be healthy...
[2022-02-14T17:53:35.979Z] Waiting for container to be healthy...
[2022-02-14T17:53:36.985Z] Waiting for container to be healthy...
[2022-02-14T17:53:37.990Z] Waiting for container to be healthy...
[2022-02-14T17:53:38.995Z] Waiting for container to be healthy...
[2022-02-14T17:53:39.062Z] The given SECRETS_MANAGER_PRELOAD_DIRECTORY (/secrets) does not exist
[2022-02-14T17:53:40.133Z] container started successfully
[2022-02-14T17:53:40.950Z] (node:49) [DEP0005] DeprecationWarning: Buffer() is deprecated due to security and usability issues. Please use the Buffer.alloc(), Buffer.allocUnsafe(), or Buffer.from() methods instead.
[2022-02-14T17:53:40.951Z] (Use `node --trace-deprecation ...` to show where the warning was created)
[2022-02-14T18:24:53.620Z] Starting container...
[2022-02-14T18:24:53.621Z] Pulling image skarpdev/aws-secrets-manager-emulator:v0.4.0...
[2022-02-14T18:24:56.070Z] Image pulled successfully
[2022-02-14T18:24:56.505Z] Waiting for container to be healthy...
[2022-02-14T18:24:57.136Z] WARNING: The requested image's platform (linux/amd64) does not match the detected host platform (linux/arm64/v8) and no specific platform was requested
[2022-02-14T18:24:57.512Z] Waiting for container to be healthy...
[2022-02-14T18:24:58.521Z] Waiting for container to be healthy...
[2022-02-14T18:24:59.539Z] Waiting for container to be healthy...
[2022-02-14T18:25:00.543Z] Waiting for container to be healthy...
[2022-02-14T18:25:01.547Z] Waiting for container to be healthy...
[2022-02-14T18:25:02.051Z] The given SECRETS_MANAGER_PRELOAD_DIRECTORY (/secrets) does not exist
[2022-02-14T18:25:02.853Z] container started successfully
[2022-02-14T18:25:03.397Z] (node:48) [DEP0005] DeprecationWarning: Buffer() is deprecated due to security and usability issues. Please use the Buffer.alloc(), Buffer.allocUnsafe(), or Buffer.from() methods instead.
[2022-02-14T18:25:03.397Z] (Use `node --trace-deprecation ...` to show where the warning was created)
[2022-02-14T20:15:04.110Z] Starting container...
[2022-02-14T20:15:04.110Z] Pulling image skarpdev/aws-secrets-manager-emulator:v0.4.0...
[2022-02-14T20:15:06.539Z] Image pulled successfully
[2022-02-14T20:15:07.006Z] Waiting for container to be healthy...
[2022-02-14T20:15:07.752Z] WARNING: The requested image's platform (linux/amd64) does not match the detected host platform (linux/arm64/v8) and no specific platform was requested
[2022-02-14T20:15:08.017Z] Waiting for container to be healthy...
[2022-02-14T20:15:09.032Z] Waiting for container to be healthy...
[2022-02-14T20:15:10.035Z] Waiting for container to be healthy...
[2022-02-14T20:15:11.041Z] Waiting for container to be healthy...
[2022-02-14T20:15:12.047Z] Waiting for container to be healthy...
[2022-02-14T20:15:12.578Z] The given SECRETS_MANAGER_PRELOAD_DIRECTORY (/secrets) does not exist
[2022-02-14T20:15:13.343Z] container started successfully
[2022-02-14T20:15:14.127Z] (node:49) [DEP0005] DeprecationWarning: Buffer() is deprecated due to security and usability issues. Please use the Buffer.alloc(), Buffer.allocUnsafe(), or Buffer.from() methods instead.
[2022-02-14T20:15:14.127Z] (Use `node --trace-deprecation ...` to show where the warning was created)
[2022-02-14T20:21:08.595Z] Starting container...
[2022-02-14T20:21:08.595Z] Pulling image skarpdev/aws-secrets-manager-emulator:v0.4.0...
[2022-02-14T20:21:11.035Z] Image pulled successfully
[2022-02-14T20:21:11.429Z] Waiting for container to be healthy...
[2022-02-14T20:21:12.030Z] WARNING: The requested image's platform (linux/amd64) does not match the detected host platform (linux/arm64/v8) and no specific platform was requested
[2022-02-14T20:21:12.444Z] Waiting for container to be healthy...
[2022-02-14T20:21:13.508Z] Waiting for container to be healthy...
[2022-02-14T20:21:14.524Z] Waiting for container to be healthy...
[2022-02-14T20:21:15.545Z] Waiting for container to be healthy...
[2022-02-14T20:21:16.382Z] The given SECRETS_MANAGER_PRELOAD_DIRECTORY (/secrets) does not exist
[2022-02-14T20:21:16.551Z] Waiting for container to be healthy...
[2022-02-14T20:21:17.663Z] container started successfully
[2022-02-14T20:21:18.500Z] (node:48) [DEP0005] DeprecationWarning: Buffer() is deprecated due to security and usability issues. Please use the Buffer.alloc(), Buffer.allocUnsafe(), or Buffer.from() methods instead.
[2022-02-14T20:21:18.500Z] (Use `node --trace-deprecation ...` to show where the warning was created)
