[2022-02-12T21:50:37.395Z] Starting containers...
[2022-02-12T21:50:37.396Z] Executing: docker pull skarpdev/aws-secrets-manager-emulator:v0.4.0 with options: undefined
[2022-02-12T21:50:37.851Z] Error response from daemon: Get "https://registry-1.docker.io/v2/": Service Unavailable
[2022-02-12T21:50:37.871Z] Command docker pull skarpdev/aws-secrets-manager-emulator:v0.4.0 exited with code 1
[2022-02-12T21:50:37.871Z] Error response from daemon: Get "https://registry-1.docker.io/v2/": Service Unavailable
[2022-02-12T21:50:37.872Z] Stopping container local-stack-4ea1a6fccb3ede94dfbc7be458e96cceb2843f9b1711141f8c9e0676cb0114de...
[2022-02-12T21:50:37.872Z] Executing: docker container stop local-stack-4ea1a6fccb3ede94dfbc7be458e96cceb2843f9b1711141f8c9e0676cb0114de with options: undefined
[2022-02-12T21:50:38.073Z] local-stack-4ea1a6fccb3ede94dfbc7be458e96cceb2843f9b1711141f8c9e0676cb0114de
[2022-02-12T21:50:38.112Z] Container local-stack-4ea1a6fccb3ede94dfbc7be458e96cceb2843f9b1711141f8c9e0676cb0114de stopped successfully
[2022-02-12T21:50:38.112Z] Executing: docker container rm local-stack-4ea1a6fccb3ede94dfbc7be458e96cceb2843f9b1711141f8c9e0676cb0114de with options: undefined
[2022-02-12T21:50:38.375Z] local-stack-4ea1a6fccb3ede94dfbc7be458e96cceb2843f9b1711141f8c9e0676cb0114de
[2022-02-12T21:50:38.430Z] Container local-stack-4ea1a6fccb3ede94dfbc7be458e96cceb2843f9b1711141f8c9e0676cb0114de removed successfully
[2022-02-12T21:50:38.431Z] Starting container skarpdev/aws-secrets-manager-emulator:v0.4.0 (docker run -p 3000:3000 -e SECRETS_MANAGER_PORT=3000 --name local-stack-4ea1a6fccb3ede94dfbc7be458e96cceb2843f9b1711141f8c9e0676cb0114de skarpdev/aws-secrets-manager-emulator:v0.4.0)
[2022-02-12T21:50:44.631Z] All Containers started successfully
[2022-02-12T21:50:44.632Z] Started
[2022-02-12T21:50:46.281Z] Setting environment variable SECRET_PASS_CODE_ARN to PASS_CODE
[2022-02-12T21:51:41.673Z] Stopping containers...
[2022-02-12T21:51:41.674Z] Stopping container local-stack-4ea1a6fccb3ede94dfbc7be458e96cceb2843f9b1711141f8c9e0676cb0114de...
[2022-02-12T21:51:41.674Z] Executing: docker container stop local-stack-4ea1a6fccb3ede94dfbc7be458e96cceb2843f9b1711141f8c9e0676cb0114de with options: undefined
[2022-02-12T21:55:38.099Z] Starting containers...
[2022-02-12T21:55:38.101Z] Executing: docker pull skarpdev/aws-secrets-manager-emulator:v0.4.0 with options: undefined
[2022-02-12T21:55:38.489Z] Error response from daemon: Get "https://registry-1.docker.io/v2/": Service Unavailable
[2022-02-12T21:55:38.543Z] Command docker pull skarpdev/aws-secrets-manager-emulator:v0.4.0 exited with code 1
[2022-02-12T21:55:38.543Z] Error response from daemon: Get "https://registry-1.docker.io/v2/": Service Unavailable
[2022-02-12T21:55:38.544Z] Stopping container local-stack-4ea1a6fccb3ede94dfbc7be458e96cceb2843f9b1711141f8c9e0676cb0114de...
[2022-02-12T21:55:38.545Z] Executing: docker container stop local-stack-4ea1a6fccb3ede94dfbc7be458e96cceb2843f9b1711141f8c9e0676cb0114de with options: undefined
[2022-02-12T21:55:38.655Z] local-stack-4ea1a6fccb3ede94dfbc7be458e96cceb2843f9b1711141f8c9e0676cb0114de
[2022-02-12T21:55:38.700Z] Container local-stack-4ea1a6fccb3ede94dfbc7be458e96cceb2843f9b1711141f8c9e0676cb0114de stopped successfully
[2022-02-12T21:55:38.716Z] Executing: docker container rm local-stack-4ea1a6fccb3ede94dfbc7be458e96cceb2843f9b1711141f8c9e0676cb0114de with options: undefined
[2022-02-12T21:55:39.022Z] local-stack-4ea1a6fccb3ede94dfbc7be458e96cceb2843f9b1711141f8c9e0676cb0114de
[2022-02-12T21:55:39.039Z] Container local-stack-4ea1a6fccb3ede94dfbc7be458e96cceb2843f9b1711141f8c9e0676cb0114de removed successfully
[2022-02-12T21:55:39.039Z] Starting container skarpdev/aws-secrets-manager-emulator:v0.4.0 (docker run -p 3000:3000 -e SECRETS_MANAGER_PORT=3000 --name local-stack-4ea1a6fccb3ede94dfbc7be458e96cceb2843f9b1711141f8c9e0676cb0114de skarpdev/aws-secrets-manager-emulator:v0.4.0)
[2022-02-12T21:55:45.339Z] All Containers started successfully
[2022-02-12T21:55:45.340Z] Started
[2022-02-12T21:55:46.381Z] Setting environment variable SECRET_PASS_CODE_ARN to PASS_CODE
[2022-02-12T21:56:15.859Z] Stopping containers...
[2022-02-12T21:56:15.860Z] Stopping container local-stack-4ea1a6fccb3ede94dfbc7be458e96cceb2843f9b1711141f8c9e0676cb0114de...
[2022-02-12T21:56:15.860Z] Executing: docker container stop local-stack-4ea1a6fccb3ede94dfbc7be458e96cceb2843f9b1711141f8c9e0676cb0114de with options: undefined
[2022-02-12T21:57:31.802Z] Starting containers...
[2022-02-12T21:57:31.804Z] Executing: docker pull skarpdev/aws-secrets-manager-emulator:v0.4.0 with options: undefined
[2022-02-12T21:57:32.243Z] Error response from daemon: Get "https://registry-1.docker.io/v2/": Service Unavailable
[2022-02-12T21:57:32.260Z] Command docker pull skarpdev/aws-secrets-manager-emulator:v0.4.0 exited with code 1
[2022-02-12T21:57:32.260Z] Error response from daemon: Get "https://registry-1.docker.io/v2/": Service Unavailable
[2022-02-12T21:57:32.261Z] Stopping container local-stack-4ea1a6fccb3ede94dfbc7be458e96cceb2843f9b1711141f8c9e0676cb0114de...
[2022-02-12T21:57:32.261Z] Executing: docker container stop local-stack-4ea1a6fccb3ede94dfbc7be458e96cceb2843f9b1711141f8c9e0676cb0114de with options: undefined
[2022-02-12T21:57:32.474Z] local-stack-4ea1a6fccb3ede94dfbc7be458e96cceb2843f9b1711141f8c9e0676cb0114de
[2022-02-12T21:57:32.491Z] Container local-stack-4ea1a6fccb3ede94dfbc7be458e96cceb2843f9b1711141f8c9e0676cb0114de stopped successfully
[2022-02-12T21:57:32.491Z] Executing: docker container rm local-stack-4ea1a6fccb3ede94dfbc7be458e96cceb2843f9b1711141f8c9e0676cb0114de with options: undefined
[2022-02-12T21:57:32.727Z] local-stack-4ea1a6fccb3ede94dfbc7be458e96cceb2843f9b1711141f8c9e0676cb0114de
[2022-02-12T21:57:32.745Z] Container local-stack-4ea1a6fccb3ede94dfbc7be458e96cceb2843f9b1711141f8c9e0676cb0114de removed successfully
[2022-02-12T21:57:32.745Z] Starting container skarpdev/aws-secrets-manager-emulator:v0.4.0 (docker run -p 3000:3000 -e SECRETS_MANAGER_PORT=3000 --name local-stack-4ea1a6fccb3ede94dfbc7be458e96cceb2843f9b1711141f8c9e0676cb0114de skarpdev/aws-secrets-manager-emulator:v0.4.0)
[2022-02-12T21:57:39.941Z] All Containers started successfully
[2022-02-12T21:57:39.942Z] Started
[2022-02-12T21:57:42.269Z] Setting environment variable SECRET_PASS_CODE_ARN to PASS_CODE
[2022-02-12T21:59:05.142Z] Stopping containers...
[2022-02-12T21:59:05.144Z] Stopping container local-stack-4ea1a6fccb3ede94dfbc7be458e96cceb2843f9b1711141f8c9e0676cb0114de...
[2022-02-12T21:59:05.145Z] Executing: docker container stop local-stack-4ea1a6fccb3ede94dfbc7be458e96cceb2843f9b1711141f8c9e0676cb0114de with options: undefined
[2022-02-12T22:02:30.612Z] Starting containers...
[2022-02-12T22:02:30.614Z] Executing: docker pull skarpdev/aws-secrets-manager-emulator:v0.4.0 with options: undefined
[2022-02-12T22:02:30.983Z] Error response from daemon: Get "https://registry-1.docker.io/v2/": Service Unavailable
[2022-02-12T22:02:31.041Z] Command docker pull skarpdev/aws-secrets-manager-emulator:v0.4.0 exited with code 1
[2022-02-12T22:02:31.053Z] Error response from daemon: Get "https://registry-1.docker.io/v2/": Service Unavailable
[2022-02-12T22:02:31.055Z] Stopping container local-stack-4ea1a6fccb3ede94dfbc7be458e96cceb2843f9b1711141f8c9e0676cb0114de...
[2022-02-12T22:02:31.055Z] Executing: docker container stop local-stack-4ea1a6fccb3ede94dfbc7be458e96cceb2843f9b1711141f8c9e0676cb0114de with options: undefined
[2022-02-12T22:02:31.177Z] local-stack-4ea1a6fccb3ede94dfbc7be458e96cceb2843f9b1711141f8c9e0676cb0114de
[2022-02-12T22:02:31.194Z] Container local-stack-4ea1a6fccb3ede94dfbc7be458e96cceb2843f9b1711141f8c9e0676cb0114de stopped successfully
[2022-02-12T22:02:31.195Z] Executing: docker container rm local-stack-4ea1a6fccb3ede94dfbc7be458e96cceb2843f9b1711141f8c9e0676cb0114de with options: undefined
[2022-02-12T22:02:31.451Z] local-stack-4ea1a6fccb3ede94dfbc7be458e96cceb2843f9b1711141f8c9e0676cb0114de
[2022-02-12T22:02:31.504Z] Container local-stack-4ea1a6fccb3ede94dfbc7be458e96cceb2843f9b1711141f8c9e0676cb0114de removed successfully
[2022-02-12T22:02:31.526Z] Starting container skarpdev/aws-secrets-manager-emulator:v0.4.0 (docker run -p 3000:3000 -e SECRETS_MANAGER_PORT=3000 --name local-stack-4ea1a6fccb3ede94dfbc7be458e96cceb2843f9b1711141f8c9e0676cb0114de skarpdev/aws-secrets-manager-emulator:v0.4.0)
[2022-02-12T22:02:38.749Z] All Containers started successfully
[2022-02-12T22:02:38.750Z] Started
[2022-02-12T22:02:39.238Z] Setting environment variable SECRET_PASS_CODE_ARN to PASS_CODE
[2022-02-12T22:03:12.360Z] Stopping containers...
[2022-02-12T22:03:12.361Z] Stopping container local-stack-4ea1a6fccb3ede94dfbc7be458e96cceb2843f9b1711141f8c9e0676cb0114de...
[2022-02-12T22:03:12.361Z] Executing: docker container stop local-stack-4ea1a6fccb3ede94dfbc7be458e96cceb2843f9b1711141f8c9e0676cb0114de with options: undefined
[2022-02-12T22:05:16.590Z] Starting containers...
[2022-02-12T22:05:16.591Z] Executing: docker pull skarpdev/aws-secrets-manager-emulator:v0.4.0 with options: undefined
[2022-02-12T22:05:17.053Z] Error response from daemon: Get "https://registry-1.docker.io/v2/": Service Unavailable
[2022-02-12T22:05:17.072Z] Command docker pull skarpdev/aws-secrets-manager-emulator:v0.4.0 exited with code 1
[2022-02-12T22:05:17.072Z] Error response from daemon: Get "https://registry-1.docker.io/v2/": Service Unavailable
[2022-02-12T22:05:17.073Z] Stopping container local-stack-4ea1a6fccb3ede94dfbc7be458e96cceb2843f9b1711141f8c9e0676cb0114de...
[2022-02-12T22:05:17.073Z] Executing: docker container stop local-stack-4ea1a6fccb3ede94dfbc7be458e96cceb2843f9b1711141f8c9e0676cb0114de with options: undefined
[2022-02-12T22:05:17.211Z] local-stack-4ea1a6fccb3ede94dfbc7be458e96cceb2843f9b1711141f8c9e0676cb0114de
[2022-02-12T22:05:17.264Z] Container local-stack-4ea1a6fccb3ede94dfbc7be458e96cceb2843f9b1711141f8c9e0676cb0114de stopped successfully
[2022-02-12T22:05:17.264Z] Executing: docker container rm local-stack-4ea1a6fccb3ede94dfbc7be458e96cceb2843f9b1711141f8c9e0676cb0114de with options: undefined
[2022-02-12T22:05:17.498Z] local-stack-4ea1a6fccb3ede94dfbc7be458e96cceb2843f9b1711141f8c9e0676cb0114de
[2022-02-12T22:05:17.516Z] Container local-stack-4ea1a6fccb3ede94dfbc7be458e96cceb2843f9b1711141f8c9e0676cb0114de removed successfully
[2022-02-12T22:05:17.516Z] Starting container skarpdev/aws-secrets-manager-emulator:v0.4.0 (docker run -p 3000:3000 -e SECRETS_MANAGER_PORT=3000 --name local-stack-4ea1a6fccb3ede94dfbc7be458e96cceb2843f9b1711141f8c9e0676cb0114de skarpdev/aws-secrets-manager-emulator:v0.4.0)
[2022-02-12T22:05:24.734Z] All Containers started successfully
[2022-02-12T22:05:24.735Z] Started
[2022-02-12T22:05:25.623Z] Setting environment variable SECRET_PASS_CODE_ARN to PASS_CODE
[2022-02-12T22:06:20.807Z] Stopping containers...
[2022-02-12T22:06:20.808Z] Stopping container local-stack-4ea1a6fccb3ede94dfbc7be458e96cceb2843f9b1711141f8c9e0676cb0114de...
[2022-02-12T22:06:20.808Z] Executing: docker container stop local-stack-4ea1a6fccb3ede94dfbc7be458e96cceb2843f9b1711141f8c9e0676cb0114de with options: undefined
[2022-02-12T22:07:11.441Z] Starting containers...
[2022-02-12T22:07:11.442Z] Executing: docker pull skarpdev/aws-secrets-manager-emulator:v0.4.0 with options: undefined
[2022-02-12T22:07:11.888Z] Error response from daemon: Get "https://registry-1.docker.io/v2/": Service Unavailable
[2022-02-12T22:07:11.903Z] Command docker pull skarpdev/aws-secrets-manager-emulator:v0.4.0 exited with code 1
[2022-02-12T22:07:11.904Z] Error response from daemon: Get "https://registry-1.docker.io/v2/": Service Unavailable
[2022-02-12T22:07:11.904Z] Stopping container local-stack-4ea1a6fccb3ede94dfbc7be458e96cceb2843f9b1711141f8c9e0676cb0114de...
[2022-02-12T22:07:11.904Z] Executing: docker container stop local-stack-4ea1a6fccb3ede94dfbc7be458e96cceb2843f9b1711141f8c9e0676cb0114de with options: undefined
[2022-02-12T22:07:12.010Z] local-stack-4ea1a6fccb3ede94dfbc7be458e96cceb2843f9b1711141f8c9e0676cb0114de
[2022-02-12T22:07:12.064Z] Container local-stack-4ea1a6fccb3ede94dfbc7be458e96cceb2843f9b1711141f8c9e0676cb0114de stopped successfully
[2022-02-12T22:07:12.069Z] Executing: docker container rm local-stack-4ea1a6fccb3ede94dfbc7be458e96cceb2843f9b1711141f8c9e0676cb0114de with options: undefined
[2022-02-12T22:07:12.322Z] local-stack-4ea1a6fccb3ede94dfbc7be458e96cceb2843f9b1711141f8c9e0676cb0114de
[2022-02-12T22:07:12.340Z] Container local-stack-4ea1a6fccb3ede94dfbc7be458e96cceb2843f9b1711141f8c9e0676cb0114de removed successfully
[2022-02-12T22:07:12.340Z] Starting container skarpdev/aws-secrets-manager-emulator:v0.4.0 (docker run -p 3000:3000 -e SECRETS_MANAGER_PORT=3000 --name local-stack-4ea1a6fccb3ede94dfbc7be458e96cceb2843f9b1711141f8c9e0676cb0114de skarpdev/aws-secrets-manager-emulator:v0.4.0)
[2022-02-12T22:07:19.568Z] All Containers started successfully
[2022-02-12T22:07:19.569Z] Started
[2022-02-12T22:07:19.853Z] Setting environment variable SECRET_PASS_CODE_ARN to PASS_CODE
[2022-02-12T22:08:04.786Z] Stopping containers...
[2022-02-12T22:08:04.788Z] Stopping container local-stack-4ea1a6fccb3ede94dfbc7be458e96cceb2843f9b1711141f8c9e0676cb0114de...
[2022-02-12T22:08:04.788Z] Executing: docker container stop local-stack-4ea1a6fccb3ede94dfbc7be458e96cceb2843f9b1711141f8c9e0676cb0114de with options: undefined
[2022-02-12T22:08:54.995Z] Starting containers...
[2022-02-12T22:08:54.996Z] Executing: docker pull skarpdev/aws-secrets-manager-emulator:v0.4.0 with options: undefined
[2022-02-12T22:08:55.396Z] Error response from daemon: Get "https://registry-1.docker.io/v2/": Service Unavailable
[2022-02-12T22:08:55.450Z] Command docker pull skarpdev/aws-secrets-manager-emulator:v0.4.0 exited with code 1
[2022-02-12T22:08:55.451Z] Error response from daemon: Get "https://registry-1.docker.io/v2/": Service Unavailable
[2022-02-12T22:08:55.452Z] Stopping container local-stack-4ea1a6fccb3ede94dfbc7be458e96cceb2843f9b1711141f8c9e0676cb0114de...
[2022-02-12T22:08:55.452Z] Executing: docker container stop local-stack-4ea1a6fccb3ede94dfbc7be458e96cceb2843f9b1711141f8c9e0676cb0114de with options: undefined
[2022-02-12T22:08:55.563Z] local-stack-4ea1a6fccb3ede94dfbc7be458e96cceb2843f9b1711141f8c9e0676cb0114de
[2022-02-12T22:08:55.592Z] Container local-stack-4ea1a6fccb3ede94dfbc7be458e96cceb2843f9b1711141f8c9e0676cb0114de stopped successfully
[2022-02-12T22:08:55.609Z] Executing: docker container rm local-stack-4ea1a6fccb3ede94dfbc7be458e96cceb2843f9b1711141f8c9e0676cb0114de with options: undefined
[2022-02-12T22:08:55.843Z] local-stack-4ea1a6fccb3ede94dfbc7be458e96cceb2843f9b1711141f8c9e0676cb0114de
[2022-02-12T22:08:55.861Z] Container local-stack-4ea1a6fccb3ede94dfbc7be458e96cceb2843f9b1711141f8c9e0676cb0114de removed successfully
[2022-02-12T22:08:55.861Z] Starting container skarpdev/aws-secrets-manager-emulator:v0.4.0 (docker run -p 3000:3000 -e SECRETS_MANAGER_PORT=3000 --name local-stack-4ea1a6fccb3ede94dfbc7be458e96cceb2843f9b1711141f8c9e0676cb0114de skarpdev/aws-secrets-manager-emulator:v0.4.0)
[2022-02-12T22:09:02.057Z] All Containers started successfully
[2022-02-12T22:09:02.060Z] Started
[2022-02-12T22:09:02.660Z] Setting environment variable SECRET_PASS_CODE_ARN to PASS_CODE
[2022-02-12T22:09:24.297Z] Stopping containers...
[2022-02-12T22:09:24.297Z] Stopping container local-stack-4ea1a6fccb3ede94dfbc7be458e96cceb2843f9b1711141f8c9e0676cb0114de...
[2022-02-12T22:09:24.298Z] Executing: docker container stop local-stack-4ea1a6fccb3ede94dfbc7be458e96cceb2843f9b1711141f8c9e0676cb0114de with options: undefined
[2022-02-12T22:10:58.149Z] Starting containers...
[2022-02-12T22:10:58.151Z] Executing: docker pull skarpdev/aws-secrets-manager-emulator:v0.4.0 with options: undefined
[2022-02-12T22:10:58.581Z] Error response from daemon: Get "https://registry-1.docker.io/v2/": Service Unavailable
[2022-02-12T22:10:58.632Z] Command docker pull skarpdev/aws-secrets-manager-emulator:v0.4.0 exited with code 1
[2022-02-12T22:10:58.632Z] Error response from daemon: Get "https://registry-1.docker.io/v2/": Service Unavailable
[2022-02-12T22:10:58.633Z] Stopping container local-stack-4ea1a6fccb3ede94dfbc7be458e96cceb2843f9b1711141f8c9e0676cb0114de...
[2022-02-12T22:10:58.633Z] Executing: docker container stop local-stack-4ea1a6fccb3ede94dfbc7be458e96cceb2843f9b1711141f8c9e0676cb0114de with options: undefined
[2022-02-12T22:10:58.746Z] local-stack-4ea1a6fccb3ede94dfbc7be458e96cceb2843f9b1711141f8c9e0676cb0114de
[2022-02-12T22:10:58.772Z] Container local-stack-4ea1a6fccb3ede94dfbc7be458e96cceb2843f9b1711141f8c9e0676cb0114de stopped successfully
[2022-02-12T22:10:58.789Z] Executing: docker container rm local-stack-4ea1a6fccb3ede94dfbc7be458e96cceb2843f9b1711141f8c9e0676cb0114de with options: undefined
[2022-02-12T22:10:59.084Z] local-stack-4ea1a6fccb3ede94dfbc7be458e96cceb2843f9b1711141f8c9e0676cb0114de
[2022-02-12T22:10:59.101Z] Container local-stack-4ea1a6fccb3ede94dfbc7be458e96cceb2843f9b1711141f8c9e0676cb0114de removed successfully
[2022-02-12T22:10:59.101Z] Starting container skarpdev/aws-secrets-manager-emulator:v0.4.0 (docker run -p 3000:3000 -e SECRETS_MANAGER_PORT=3000 --name local-stack-4ea1a6fccb3ede94dfbc7be458e96cceb2843f9b1711141f8c9e0676cb0114de skarpdev/aws-secrets-manager-emulator:v0.4.0)
[2022-02-12T22:11:06.353Z] All Containers started successfully
[2022-02-12T22:11:06.354Z] Started
[2022-02-12T22:11:07.089Z] Setting environment variable SECRET_PASS_CODE_ARN to PASS_CODE
[2022-02-12T22:11:44.501Z] Stopping containers...
[2022-02-12T22:11:44.502Z] Stopping container local-stack-4ea1a6fccb3ede94dfbc7be458e96cceb2843f9b1711141f8c9e0676cb0114de...
[2022-02-12T22:11:44.502Z] Executing: docker container stop local-stack-4ea1a6fccb3ede94dfbc7be458e96cceb2843f9b1711141f8c9e0676cb0114de with options: undefined
[2022-02-12T22:13:48.954Z] Starting containers...
[2022-02-12T22:13:48.955Z] Executing: docker pull skarpdev/aws-secrets-manager-emulator:v0.4.0 with options: undefined
[2022-02-12T22:13:49.405Z] Error response from daemon: Get "https://registry-1.docker.io/v2/": Service Unavailable
[2022-02-12T22:13:49.457Z] Command docker pull skarpdev/aws-secrets-manager-emulator:v0.4.0 exited with code 1
[2022-02-12T22:13:49.457Z] Error response from daemon: Get "https://registry-1.docker.io/v2/": Service Unavailable
[2022-02-12T22:13:49.459Z] Stopping container local-stack-4ea1a6fccb3ede94dfbc7be458e96cceb2843f9b1711141f8c9e0676cb0114de...
[2022-02-12T22:13:49.459Z] Executing: docker container stop local-stack-4ea1a6fccb3ede94dfbc7be458e96cceb2843f9b1711141f8c9e0676cb0114de with options: undefined
[2022-02-12T22:13:49.570Z] local-stack-4ea1a6fccb3ede94dfbc7be458e96cceb2843f9b1711141f8c9e0676cb0114de
[2022-02-12T22:13:49.588Z] Container local-stack-4ea1a6fccb3ede94dfbc7be458e96cceb2843f9b1711141f8c9e0676cb0114de stopped successfully
[2022-02-12T22:13:49.588Z] Executing: docker container rm local-stack-4ea1a6fccb3ede94dfbc7be458e96cceb2843f9b1711141f8c9e0676cb0114de with options: undefined
[2022-02-12T22:13:49.843Z] local-stack-4ea1a6fccb3ede94dfbc7be458e96cceb2843f9b1711141f8c9e0676cb0114de
[2022-02-12T22:13:49.897Z] Container local-stack-4ea1a6fccb3ede94dfbc7be458e96cceb2843f9b1711141f8c9e0676cb0114de removed successfully
[2022-02-12T22:13:49.898Z] Starting container skarpdev/aws-secrets-manager-emulator:v0.4.0 (docker run -p 3000:3000 -e SECRETS_MANAGER_PORT=3000 --name local-stack-4ea1a6fccb3ede94dfbc7be458e96cceb2843f9b1711141f8c9e0676cb0114de skarpdev/aws-secrets-manager-emulator:v0.4.0)
[2022-02-12T22:13:57.098Z] All Containers started successfully
[2022-02-12T22:13:57.102Z] Started
[2022-02-12T22:13:58.077Z] Setting environment variable SECRET_PASS_CODE_ARN to PASS_CODE
[2022-02-12T22:17:22.656Z] Stopping containers...
[2022-02-12T22:17:22.658Z] Stopping container local-stack-4ea1a6fccb3ede94dfbc7be458e96cceb2843f9b1711141f8c9e0676cb0114de...
[2022-02-12T22:17:22.658Z] Executing: docker container stop local-stack-4ea1a6fccb3ede94dfbc7be458e96cceb2843f9b1711141f8c9e0676cb0114de with options: undefined
[2022-02-12T22:17:24.685Z] Starting containers...
[2022-02-12T22:17:24.687Z] Executing: docker pull skarpdev/aws-secrets-manager-emulator:v0.4.0 with options: undefined
[2022-02-12T22:17:25.050Z] Error response from daemon: Get "https://registry-1.docker.io/v2/": Service Unavailable
[2022-02-12T22:17:25.110Z] Command docker pull skarpdev/aws-secrets-manager-emulator:v0.4.0 exited with code 1
[2022-02-12T22:17:25.129Z] Error response from daemon: Get "https://registry-1.docker.io/v2/": Service Unavailable
[2022-02-12T22:17:25.131Z] Stopping container local-stack-4ea1a6fccb3ede94dfbc7be458e96cceb2843f9b1711141f8c9e0676cb0114de...
[2022-02-12T22:17:25.131Z] Executing: docker container stop local-stack-4ea1a6fccb3ede94dfbc7be458e96cceb2843f9b1711141f8c9e0676cb0114de with options: undefined
[2022-02-12T22:17:25.249Z] local-stack-4ea1a6fccb3ede94dfbc7be458e96cceb2843f9b1711141f8c9e0676cb0114de
[2022-02-12T22:17:25.265Z] Container local-stack-4ea1a6fccb3ede94dfbc7be458e96cceb2843f9b1711141f8c9e0676cb0114de stopped successfully
[2022-02-12T22:17:25.265Z] Executing: docker container rm local-stack-4ea1a6fccb3ede94dfbc7be458e96cceb2843f9b1711141f8c9e0676cb0114de with options: undefined
[2022-02-12T22:17:25.502Z] local-stack-4ea1a6fccb3ede94dfbc7be458e96cceb2843f9b1711141f8c9e0676cb0114de
[2022-02-12T22:17:25.557Z] Container local-stack-4ea1a6fccb3ede94dfbc7be458e96cceb2843f9b1711141f8c9e0676cb0114de removed successfully
[2022-02-12T22:17:25.558Z] Starting container skarpdev/aws-secrets-manager-emulator:v0.4.0 (docker run -p 3000:3000 -e SECRETS_MANAGER_PORT=3000 --name local-stack-4ea1a6fccb3ede94dfbc7be458e96cceb2843f9b1711141f8c9e0676cb0114de skarpdev/aws-secrets-manager-emulator:v0.4.0)
[2022-02-12T22:17:31.757Z] All Containers started successfully
[2022-02-12T22:17:31.759Z] Started
[2022-02-12T22:17:32.165Z] Setting environment variable SECRET_PASS_CODE_ARN to PASS_CODE
[2022-02-13T11:04:01.039Z] Stopping containers...
[2022-02-13T11:04:01.040Z] Stopping container local-stack-4ea1a6fccb3ede94dfbc7be458e96cceb2843f9b1711141f8c9e0676cb0114de...
[2022-02-13T11:04:01.040Z] Executing: docker container stop local-stack-4ea1a6fccb3ede94dfbc7be458e96cceb2843f9b1711141f8c9e0676cb0114de with options: undefined
[2022-02-13T11:04:02.459Z] Starting containers...
[2022-02-13T11:04:02.479Z] Executing: docker pull skarpdev/aws-secrets-manager-emulator:v0.4.0 with options: undefined
[2022-02-13T11:04:04.630Z] v0.4.0: Pulling from skarpdev/aws-secrets-manager-emulator
[2022-02-13T11:04:04.755Z] Digest: sha256:efc5a3b1471363ae1fab3d9070ce4d4a8720fa7bd2ebf90c3e2c6670232eb766
[2022-02-13T11:04:04.773Z] Status: Image is up to date for skarpdev/aws-secrets-manager-emulator:v0.4.0
[2022-02-13T11:04:04.834Z] docker.io/skarpdev/aws-secrets-manager-emulator:v0.4.0
[2022-02-13T11:04:04.899Z] Stopping container local-stack-4ea1a6fccb3ede94dfbc7be458e96cceb2843f9b1711141f8c9e0676cb0114de...
[2022-02-13T11:04:04.899Z] Executing: docker container stop local-stack-4ea1a6fccb3ede94dfbc7be458e96cceb2843f9b1711141f8c9e0676cb0114de with options: undefined
[2022-02-13T11:04:05.022Z] local-stack-4ea1a6fccb3ede94dfbc7be458e96cceb2843f9b1711141f8c9e0676cb0114de
[2022-02-13T11:04:05.039Z] Container local-stack-4ea1a6fccb3ede94dfbc7be458e96cceb2843f9b1711141f8c9e0676cb0114de stopped successfully
[2022-02-13T11:04:05.039Z] Executing: docker container rm local-stack-4ea1a6fccb3ede94dfbc7be458e96cceb2843f9b1711141f8c9e0676cb0114de with options: undefined
[2022-02-13T11:04:05.279Z] local-stack-4ea1a6fccb3ede94dfbc7be458e96cceb2843f9b1711141f8c9e0676cb0114de
[2022-02-13T11:04:05.331Z] Container local-stack-4ea1a6fccb3ede94dfbc7be458e96cceb2843f9b1711141f8c9e0676cb0114de removed successfully
[2022-02-13T11:04:05.333Z] Starting container skarpdev/aws-secrets-manager-emulator:v0.4.0 (docker run -p 3000:3000 -e SECRETS_MANAGER_PORT=3000 --name local-stack-4ea1a6fccb3ede94dfbc7be458e96cceb2843f9b1711141f8c9e0676cb0114de skarpdev/aws-secrets-manager-emulator:v0.4.0)
[2022-02-13T11:04:11.502Z] All Containers started successfully
[2022-02-13T11:04:11.503Z] Started
[2022-02-13T11:04:13.699Z] Setting environment variable SECRET_PASS_CODE_ARN to PASS_CODE
[2022-02-13T12:35:58.064Z] Stopping containers...
[2022-02-13T12:35:58.066Z] Stopping container local-stack-4ea1a6fccb3ede94dfbc7be458e96cceb2843f9b1711141f8c9e0676cb0114de...
[2022-02-13T12:35:58.066Z] Executing: docker container stop local-stack-4ea1a6fccb3ede94dfbc7be458e96cceb2843f9b1711141f8c9e0676cb0114de with options: undefined
[2022-02-13T12:36:00.201Z] Starting containers...
[2022-02-13T12:36:00.202Z] Executing: docker pull skarpdev/aws-secrets-manager-emulator:v0.4.0 with options: undefined
[2022-02-13T12:36:02.561Z] v0.4.0: Pulling from skarpdev/aws-secrets-manager-emulator
[2022-02-13T12:36:02.763Z] Digest: sha256:efc5a3b1471363ae1fab3d9070ce4d4a8720fa7bd2ebf90c3e2c6670232eb766
[2022-02-13T12:36:02.776Z] Status: Image is up to date for skarpdev/aws-secrets-manager-emulator:v0.4.0
[2022-02-13T12:36:02.836Z] docker.io/skarpdev/aws-secrets-manager-emulator:v0.4.0
[2022-02-13T12:36:02.903Z] Stopping container local-stack-4ea1a6fccb3ede94dfbc7be458e96cceb2843f9b1711141f8c9e0676cb0114de...
[2022-02-13T12:36:02.903Z] Executing: docker container stop local-stack-4ea1a6fccb3ede94dfbc7be458e96cceb2843f9b1711141f8c9e0676cb0114de with options: undefined
[2022-02-13T12:36:03.028Z] local-stack-4ea1a6fccb3ede94dfbc7be458e96cceb2843f9b1711141f8c9e0676cb0114de
[2022-02-13T12:36:03.044Z] Container local-stack-4ea1a6fccb3ede94dfbc7be458e96cceb2843f9b1711141f8c9e0676cb0114de stopped successfully
[2022-02-13T12:36:03.045Z] Executing: docker container rm local-stack-4ea1a6fccb3ede94dfbc7be458e96cceb2843f9b1711141f8c9e0676cb0114de with options: undefined
[2022-02-13T12:36:03.237Z] local-stack-4ea1a6fccb3ede94dfbc7be458e96cceb2843f9b1711141f8c9e0676cb0114de
[2022-02-13T12:36:03.290Z] Container local-stack-4ea1a6fccb3ede94dfbc7be458e96cceb2843f9b1711141f8c9e0676cb0114de removed successfully
[2022-02-13T12:36:03.292Z] Starting container skarpdev/aws-secrets-manager-emulator:v0.4.0 (docker run -p 3000:3000 -e SECRETS_MANAGER_PORT=3000 --name local-stack-4ea1a6fccb3ede94dfbc7be458e96cceb2843f9b1711141f8c9e0676cb0114de skarpdev/aws-secrets-manager-emulator:v0.4.0)
[2022-02-13T12:36:09.519Z] All Containers started successfully
[2022-02-13T12:36:09.520Z] Started
[2022-02-13T12:36:10.320Z] Setting environment variable SECRET_PASS_CODE_ARN to PASS_CODE
[2022-02-13T12:47:32.010Z] Stopping containers...
[2022-02-13T12:47:32.011Z] Stopping container local-stack-4ea1a6fccb3ede94dfbc7be458e96cceb2843f9b1711141f8c9e0676cb0114de...
[2022-02-13T12:47:32.011Z] Executing: docker container stop local-stack-4ea1a6fccb3ede94dfbc7be458e96cceb2843f9b1711141f8c9e0676cb0114de with options: undefined
[2022-02-13T12:47:33.883Z] Starting containers...
[2022-02-13T12:47:33.885Z] Executing: docker pull skarpdev/aws-secrets-manager-emulator:v0.4.0 with options: undefined
[2022-02-13T12:47:36.606Z] v0.4.0: Pulling from skarpdev/aws-secrets-manager-emulator
[2022-02-13T12:47:36.736Z] Digest: sha256:efc5a3b1471363ae1fab3d9070ce4d4a8720fa7bd2ebf90c3e2c6670232eb766
[2022-02-13T12:47:36.753Z] Status: Image is up to date for skarpdev/aws-secrets-manager-emulator:v0.4.0
[2022-02-13T12:47:36.843Z] docker.io/skarpdev/aws-secrets-manager-emulator:v0.4.0
[2022-02-13T12:47:36.920Z] Stopping container local-stack-4ea1a6fccb3ede94dfbc7be458e96cceb2843f9b1711141f8c9e0676cb0114de...
[2022-02-13T12:47:36.921Z] Executing: docker container stop local-stack-4ea1a6fccb3ede94dfbc7be458e96cceb2843f9b1711141f8c9e0676cb0114de with options: undefined
[2022-02-13T12:47:37.084Z] local-stack-4ea1a6fccb3ede94dfbc7be458e96cceb2843f9b1711141f8c9e0676cb0114de
[2022-02-13T12:47:37.101Z] Container local-stack-4ea1a6fccb3ede94dfbc7be458e96cceb2843f9b1711141f8c9e0676cb0114de stopped successfully
[2022-02-13T12:47:37.101Z] Executing: docker container rm local-stack-4ea1a6fccb3ede94dfbc7be458e96cceb2843f9b1711141f8c9e0676cb0114de with options: undefined
[2022-02-13T12:47:37.294Z] local-stack-4ea1a6fccb3ede94dfbc7be458e96cceb2843f9b1711141f8c9e0676cb0114de
[2022-02-13T12:47:37.310Z] Container local-stack-4ea1a6fccb3ede94dfbc7be458e96cceb2843f9b1711141f8c9e0676cb0114de removed successfully
[2022-02-13T12:47:37.328Z] Starting container skarpdev/aws-secrets-manager-emulator:v0.4.0 (docker run -p 3000:3000 -e SECRETS_MANAGER_PORT=3000 --name local-stack-4ea1a6fccb3ede94dfbc7be458e96cceb2843f9b1711141f8c9e0676cb0114de skarpdev/aws-secrets-manager-emulator:v0.4.0)
[2022-02-13T12:47:43.563Z] All Containers started successfully
[2022-02-13T12:47:43.564Z] Started
[2022-02-13T12:47:44.359Z] Setting environment variable SECRET_PASS_CODE_ARN to PASS_CODE
[2022-02-13T12:49:52.775Z] Stopping containers...
[2022-02-13T12:49:52.807Z] Stopping container local-stack-4ea1a6fccb3ede94dfbc7be458e96cceb2843f9b1711141f8c9e0676cb0114de...
[2022-02-13T12:49:52.807Z] Executing: docker container stop local-stack-4ea1a6fccb3ede94dfbc7be458e96cceb2843f9b1711141f8c9e0676cb0114de with options: undefined
[2022-02-13T12:49:54.254Z] Starting containers...
[2022-02-13T12:49:54.256Z] Executing: docker pull skarpdev/aws-secrets-manager-emulator:v0.4.0 with options: undefined
[2022-02-13T12:50:04.766Z] Starting containers...
[2022-02-13T12:50:04.767Z] Executing: docker pull skarpdev/aws-secrets-manager-emulator:v0.4.0 with options: undefined
[2022-02-13T12:50:06.898Z] v0.4.0: Pulling from skarpdev/aws-secrets-manager-emulator
[2022-02-13T12:50:07.022Z] Digest: sha256:efc5a3b1471363ae1fab3d9070ce4d4a8720fa7bd2ebf90c3e2c6670232eb766
[2022-02-13T12:50:07.039Z] Status: Image is up to date for skarpdev/aws-secrets-manager-emulator:v0.4.0
[2022-02-13T12:50:07.148Z] docker.io/skarpdev/aws-secrets-manager-emulator:v0.4.0
[2022-02-13T12:50:07.215Z] Stopping container local-stack-4ea1a6fccb3ede94dfbc7be458e96cceb2843f9b1711141f8c9e0676cb0114de...
[2022-02-13T12:50:07.215Z] Executing: docker container stop local-stack-4ea1a6fccb3ede94dfbc7be458e96cceb2843f9b1711141f8c9e0676cb0114de with options: undefined
[2022-02-13T12:50:07.380Z] local-stack-4ea1a6fccb3ede94dfbc7be458e96cceb2843f9b1711141f8c9e0676cb0114de
[2022-02-13T12:50:07.396Z] Container local-stack-4ea1a6fccb3ede94dfbc7be458e96cceb2843f9b1711141f8c9e0676cb0114de stopped successfully
[2022-02-13T12:50:07.397Z] Executing: docker container rm local-stack-4ea1a6fccb3ede94dfbc7be458e96cceb2843f9b1711141f8c9e0676cb0114de with options: undefined
[2022-02-13T12:50:07.584Z] local-stack-4ea1a6fccb3ede94dfbc7be458e96cceb2843f9b1711141f8c9e0676cb0114de
[2022-02-13T12:50:07.616Z] Container local-stack-4ea1a6fccb3ede94dfbc7be458e96cceb2843f9b1711141f8c9e0676cb0114de removed successfully
[2022-02-13T12:50:07.634Z] Starting container skarpdev/aws-secrets-manager-emulator:v0.4.0 (docker run -p 3000:3000 -e SECRETS_MANAGER_PORT=3000 --name local-stack-4ea1a6fccb3ede94dfbc7be458e96cceb2843f9b1711141f8c9e0676cb0114de skarpdev/aws-secrets-manager-emulator:v0.4.0)
[2022-02-13T12:50:14.249Z] All Containers started successfully
[2022-02-13T12:50:14.250Z] Started
[2022-02-13T12:50:14.907Z] Setting environment variable SECRET_PASS_CODE_ARN to PASS_CODE
[2022-02-13T18:00:46.861Z] Stopping containers...
[2022-02-13T18:00:46.863Z] Stopping container local-stack-4ea1a6fccb3ede94dfbc7be458e96cceb2843f9b1711141f8c9e0676cb0114de...
[2022-02-13T18:00:46.863Z] Executing: docker container stop local-stack-4ea1a6fccb3ede94dfbc7be458e96cceb2843f9b1711141f8c9e0676cb0114de with options: undefined
